  Capsule.cpp
c:\users\thomas\documents\codes_phd\simbicon_base\release\src\mathlib\mathlib.h(38): warning C4005: 'INFINITY': macro redefinition
  c:\program files (x86)\windows kits\10\include\10.0.10240.0\ucrt\math.h(78): note: see previous definition of 'INFINITY'
  Matrix.cpp
c:\users\thomas\documents\codes_phd\simbicon_base\release\src\mathlib\mathlib.h(38): warning C4005: 'INFINITY': macro redefinition
  c:\program files (x86)\windows kits\10\include\10.0.10240.0\ucrt\math.h(78): note: see previous definition of 'INFINITY'
  Plane.cpp
c:\users\thomas\documents\codes_phd\simbicon_base\release\src\mathlib\mathlib.h(38): warning C4005: 'INFINITY': macro redefinition
  c:\program files (x86)\windows kits\10\include\10.0.10240.0\ucrt\math.h(78): note: see previous definition of 'INFINITY'
  Point3d.cpp
c:\users\thomas\documents\codes_phd\simbicon_base\release\src\mathlib\mathlib.h(38): warning C4005: 'INFINITY': macro redefinition
  c:\program files (x86)\windows kits\10\include\10.0.10240.0\ucrt\math.h(78): note: see previous definition of 'INFINITY'
  Quaternion.cpp
c:\users\thomas\documents\codes_phd\simbicon_base\release\src\mathlib\mathlib.h(38): warning C4005: 'INFINITY': macro redefinition
  c:\program files (x86)\windows kits\10\include\10.0.10240.0\ucrt\math.h(78): note: see previous definition of 'INFINITY'
  Sphere.cpp
c:\users\thomas\documents\codes_phd\simbicon_base\release\src\mathlib\mathlib.h(38): warning C4005: 'INFINITY': macro redefinition
  c:\program files (x86)\windows kits\10\include\10.0.10240.0\ucrt\math.h(78): note: see previous definition of 'INFINITY'
  ThreeTuple.cpp
c:\users\thomas\documents\codes_phd\simbicon_base\release\src\mathlib\mathlib.h(38): warning C4005: 'INFINITY': macro redefinition
  c:\program files (x86)\windows kits\10\include\10.0.10240.0\ucrt\math.h(78): note: see previous definition of 'INFINITY'
  TransformationMatrix.cpp
c:\users\thomas\documents\codes_phd\simbicon_base\release\src\mathlib\mathlib.h(38): warning C4005: 'INFINITY': macro redefinition
  c:\program files (x86)\windows kits\10\include\10.0.10240.0\ucrt\math.h(78): note: see previous definition of 'INFINITY'
  Vector.cpp
c:\users\thomas\documents\codes_phd\simbicon_base\release\src\mathlib\mathlib.h(38): warning C4005: 'INFINITY': macro redefinition
  c:\program files (x86)\windows kits\10\include\10.0.10240.0\ucrt\math.h(78): note: see previous definition of 'INFINITY'
  Vector3d.cpp
c:\users\thomas\documents\codes_phd\simbicon_base\release\src\mathlib\mathlib.h(38): warning C4005: 'INFINITY': macro redefinition
  c:\program files (x86)\windows kits\10\include\10.0.10240.0\ucrt\math.h(78): note: see previous definition of 'INFINITY'
  Generating Code...
  MathLib.vcxproj -> C:\Users\Thomas\Documents\codes_PhD\SimBiCon_base\release\src\MathLib\..\binaries\Release\MathLib.lib
