c:\users\thomas\documents\codes_phd\simbicon_base\release\src\mathlib\release\vector3d.obj
c:\users\thomas\documents\codes_phd\simbicon_base\release\src\mathlib\release\vector.obj
c:\users\thomas\documents\codes_phd\simbicon_base\release\src\mathlib\release\transformationmatrix.obj
c:\users\thomas\documents\codes_phd\simbicon_base\release\src\mathlib\release\threetuple.obj
c:\users\thomas\documents\codes_phd\simbicon_base\release\src\mathlib\release\sphere.obj
c:\users\thomas\documents\codes_phd\simbicon_base\release\src\mathlib\release\quaternion.obj
c:\users\thomas\documents\codes_phd\simbicon_base\release\src\mathlib\release\point3d.obj
c:\users\thomas\documents\codes_phd\simbicon_base\release\src\mathlib\release\plane.obj
c:\users\thomas\documents\codes_phd\simbicon_base\release\src\mathlib\release\matrix.obj
c:\users\thomas\documents\codes_phd\simbicon_base\release\src\mathlib\release\capsule.obj
c:\users\thomas\documents\codes_phd\simbicon_base\release\src\binaries\release\mathlib.lib
c:\users\thomas\documents\codes_phd\simbicon_base\release\src\mathlib\release\vcpkg.applocal.log
c:\users\thomas\documents\codes_phd\simbicon_base\release\src\mathlib\..\binaries\release\mathlib.lib
c:\users\thomas\documents\codes_phd\simbicon_base\release\src\mathlib\release\mathlib.tlog\cl.command.1.tlog
c:\users\thomas\documents\codes_phd\simbicon_base\release\src\mathlib\release\mathlib.tlog\cl.read.1.tlog
c:\users\thomas\documents\codes_phd\simbicon_base\release\src\mathlib\release\mathlib.tlog\cl.write.1.tlog
c:\users\thomas\documents\codes_phd\simbicon_base\release\src\mathlib\release\mathlib.tlog\lib-link.read.1.tlog
c:\users\thomas\documents\codes_phd\simbicon_base\release\src\mathlib\release\mathlib.tlog\lib-link.write.1.tlog
c:\users\thomas\documents\codes_phd\simbicon_base\release\src\mathlib\release\mathlib.tlog\lib.command.1.tlog
c:\users\thomas\documents\codes_phd\simbicon_base\release\src\mathlib\release\mathlib.tlog\mathlib.write.1u.tlog
