c:\users\thomas\documents\codes_phd\simbicon_base\release\src\glutils\release\objreader.obj
c:\users\thomas\documents\codes_phd\simbicon_base\release\src\glutils\release\glutils.obj
c:\users\thomas\documents\codes_phd\simbicon_base\release\src\glutils\release\gltexture.obj
c:\users\thomas\documents\codes_phd\simbicon_base\release\src\glutils\release\glmesh.obj
c:\users\thomas\documents\codes_phd\simbicon_base\release\src\glutils\release\glcamera.obj
c:\users\thomas\documents\codes_phd\simbicon_base\release\src\glutils\release\vcpkg.applocal.log
c:\users\thomas\documents\codes_phd\simbicon_base\release\src\binaries\release\glutils.lib
c:\users\p1419778\downloads\simbicon_base\simbicon_base\release\src\glutils\release\glcamera.obj
c:\users\p1419778\downloads\simbicon_base\simbicon_base\release\src\glutils\release\glmesh.obj
c:\users\p1419778\downloads\simbicon_base\simbicon_base\release\src\glutils\release\gltexture.obj
c:\users\p1419778\downloads\simbicon_base\simbicon_base\release\src\glutils\release\glutils.obj
c:\users\p1419778\downloads\simbicon_base\simbicon_base\release\src\glutils\release\objreader.obj
c:\users\p1419778\downloads\simbicon_base\simbicon_base\release\src\glutils\..\binaries\release\glutils.lib
c:\users\p1419778\downloads\simbicon_base\simbicon_base\release\src\glutils\release\glutils.tlog\cl.command.1.tlog
c:\users\p1419778\downloads\simbicon_base\simbicon_base\release\src\glutils\release\glutils.tlog\cl.read.1.tlog
c:\users\p1419778\downloads\simbicon_base\simbicon_base\release\src\glutils\release\glutils.tlog\cl.write.1.tlog
c:\users\p1419778\downloads\simbicon_base\simbicon_base\release\src\glutils\release\glutils.tlog\glutils.write.1u.tlog
c:\users\p1419778\downloads\simbicon_base\simbicon_base\release\src\glutils\release\glutils.tlog\lib-link.read.1.tlog
c:\users\p1419778\downloads\simbicon_base\simbicon_base\release\src\glutils\release\glutils.tlog\lib-link.write.1.tlog
c:\users\p1419778\downloads\simbicon_base\simbicon_base\release\src\glutils\release\glutils.tlog\lib.command.1.tlog
