c:\users\thomas\documents\codes_phd\simbicon_base\release\src\ode-0.16\build\vs2008\obj\release\collision_trimesh_ray.obj
c:\users\thomas\documents\codes_phd\simbicon_base\release\src\ode-0.16\build\vs2008\obj\release\collision_trimesh_plane.obj
c:\users\thomas\documents\codes_phd\simbicon_base\release\src\ode-0.16\build\vs2008\obj\release\collision_trimesh_opcode.obj
c:\users\thomas\documents\codes_phd\simbicon_base\release\src\ode-0.16\build\vs2008\obj\release\collision_trimesh_internal.obj
c:\users\thomas\documents\codes_phd\simbicon_base\release\src\ode-0.16\build\vs2008\obj\release\collision_trimesh_disabled.obj
c:\users\thomas\documents\codes_phd\simbicon_base\release\src\ode-0.16\build\vs2008\obj\release\collision_trimesh_ccylinder.obj
c:\users\thomas\documents\codes_phd\simbicon_base\release\src\ode-0.16\build\vs2008\obj\release\collision_trimesh_box.obj
c:\users\thomas\documents\codes_phd\simbicon_base\release\src\ode-0.16\build\vs2008\obj\release\collision_transform.obj
c:\users\thomas\documents\codes_phd\simbicon_base\release\src\ode-0.16\build\vs2008\obj\release\collision_space.obj
c:\users\thomas\documents\codes_phd\simbicon_base\release\src\ode-0.16\build\vs2008\obj\release\collision_sapspace.obj
c:\users\thomas\documents\codes_phd\simbicon_base\release\src\ode-0.16\build\vs2008\obj\release\collision_quadtreespace.obj
c:\users\thomas\documents\codes_phd\simbicon_base\release\src\ode-0.16\build\vs2008\obj\release\collision_kernel.obj
c:\users\thomas\documents\codes_phd\simbicon_base\release\src\ode-0.16\build\vs2008\obj\release\collision_cylinder_trimesh.obj
c:\users\thomas\documents\codes_phd\simbicon_base\release\src\ode-0.16\build\vs2008\obj\release\collision_cylinder_sphere.obj
c:\users\thomas\documents\codes_phd\simbicon_base\release\src\ode-0.16\build\vs2008\obj\release\collision_cylinder_plane.obj
c:\users\thomas\documents\codes_phd\simbicon_base\release\src\ode-0.16\build\vs2008\obj\release\collision_cylinder_box.obj
c:\users\thomas\documents\codes_phd\simbicon_base\release\src\ode-0.16\build\vs2008\obj\release\collision_convex_trimesh.obj
c:\users\thomas\documents\codes_phd\simbicon_base\release\src\ode-0.16\build\vs2008\obj\release\capsule.obj
c:\users\thomas\documents\codes_phd\simbicon_base\release\src\ode-0.16\build\vs2008\obj\release\box.obj
c:\users\thomas\documents\codes_phd\simbicon_base\release\src\ode-0.16\build\vs2008\obj\release\array.obj
c:\users\thomas\documents\codes_phd\simbicon_base\release\src\ode-0.16\build\vs2008\obj\release\dball.obj
c:\users\thomas\documents\codes_phd\simbicon_base\release\src\ode-0.16\build\vs2008\obj\release\contact.obj
c:\users\thomas\documents\codes_phd\simbicon_base\release\src\ode-0.16\build\vs2008\obj\release\ball.obj
c:\users\thomas\documents\codes_phd\simbicon_base\release\src\ode-0.16\build\vs2008\obj\release\amotor.obj
c:\users\thomas\documents\codes_phd\simbicon_base\release\src\ode-0.16\build\vs2008\obj\release\heightfield.obj
c:\users\thomas\documents\codes_phd\simbicon_base\release\src\ode-0.16\build\vs2008\obj\release\fastvecscale.obj
c:\users\thomas\documents\codes_phd\simbicon_base\release\src\ode-0.16\build\vs2008\obj\release\fastltsolve.obj
c:\users\thomas\documents\codes_phd\simbicon_base\release\src\ode-0.16\build\vs2008\obj\release\fastlsolve.obj
c:\users\thomas\documents\codes_phd\simbicon_base\release\src\ode-0.16\build\vs2008\obj\release\fastldltsolve.obj
c:\users\thomas\documents\codes_phd\simbicon_base\release\src\ode-0.16\build\vs2008\obj\release\fastldltfactor.obj
c:\users\thomas\documents\codes_phd\simbicon_base\release\src\ode-0.16\build\vs2008\obj\release\fastdot.obj
c:\users\thomas\documents\codes_phd\simbicon_base\release\src\ode-0.16\build\vs2008\obj\release\export-dif.obj
c:\users\thomas\documents\codes_phd\simbicon_base\release\src\ode-0.16\build\vs2008\obj\release\error.obj
c:\users\thomas\documents\codes_phd\simbicon_base\release\src\ode-0.16\build\vs2008\obj\release\default_threading.obj
c:\users\thomas\documents\codes_phd\simbicon_base\release\src\ode-0.16\build\vs2008\obj\release\cylinder.obj
c:\users\thomas\documents\codes_phd\simbicon_base\release\src\ode-0.16\build\vs2008\obj\release\convex.obj
c:\users\thomas\documents\codes_phd\simbicon_base\release\src\ode-0.16\build\vs2008\obj\release\collision_util.obj
c:\users\thomas\documents\codes_phd\simbicon_base\release\src\ode-0.16\build\vs2008\obj\release\collision_trimesh_trimesh_old.obj
c:\users\thomas\documents\codes_phd\simbicon_base\release\src\ode-0.16\build\vs2008\obj\release\collision_trimesh_trimesh.obj
c:\users\thomas\documents\codes_phd\simbicon_base\release\src\ode-0.16\build\vs2008\obj\release\collision_trimesh_sphere.obj
c:\users\thomas\documents\codes_phd\simbicon_base\release\src\ode-0.16\build\vs2008\obj\release\misc.obj
c:\users\thomas\documents\codes_phd\simbicon_base\release\src\ode-0.16\build\vs2008\obj\release\memory.obj
c:\users\thomas\documents\codes_phd\simbicon_base\release\src\ode-0.16\build\vs2008\obj\release\matrix.obj
c:\users\thomas\documents\codes_phd\simbicon_base\release\src\ode-0.16\build\vs2008\obj\release\mat.obj
c:\users\thomas\documents\codes_phd\simbicon_base\release\src\ode-0.16\build\vs2008\obj\release\mass.obj
c:\users\thomas\documents\codes_phd\simbicon_base\release\src\ode-0.16\build\vs2008\obj\release\lcp.obj
c:\users\thomas\documents\codes_phd\simbicon_base\release\src\ode-0.16\build\vs2008\obj\release\universal.obj
c:\users\thomas\documents\codes_phd\simbicon_base\release\src\ode-0.16\build\vs2008\obj\release\transmission.obj
c:\users\thomas\documents\codes_phd\simbicon_base\release\src\ode-0.16\build\vs2008\obj\release\slider.obj
c:\users\thomas\documents\codes_phd\simbicon_base\release\src\ode-0.16\build\vs2008\obj\release\pu.obj
c:\users\thomas\documents\codes_phd\simbicon_base\release\src\ode-0.16\build\vs2008\obj\release\pr.obj
c:\users\thomas\documents\codes_phd\simbicon_base\release\src\ode-0.16\build\vs2008\obj\release\plane2d.obj
c:\users\thomas\documents\codes_phd\simbicon_base\release\src\ode-0.16\build\vs2008\obj\release\piston.obj
c:\users\thomas\documents\codes_phd\simbicon_base\release\src\ode-0.16\build\vs2008\obj\release\null.obj
c:\users\thomas\documents\codes_phd\simbicon_base\release\src\ode-0.16\build\vs2008\obj\release\lmotor.obj
c:\users\thomas\documents\codes_phd\simbicon_base\release\src\ode-0.16\build\vs2008\obj\release\joint.obj
c:\users\thomas\documents\codes_phd\simbicon_base\release\src\ode-0.16\build\vs2008\obj\release\hinge2.obj
c:\users\thomas\documents\codes_phd\simbicon_base\release\src\ode-0.16\build\vs2008\obj\release\hinge.obj
c:\users\thomas\documents\codes_phd\simbicon_base\release\src\ode-0.16\build\vs2008\obj\release\fixed.obj
c:\users\thomas\documents\codes_phd\simbicon_base\release\src\ode-0.16\build\vs2008\obj\release\dhinge.obj
c:\users\thomas\documents\codes_phd\simbicon_base\release\src\ode-0.16\build\vs2008\obj\release\timer.obj
c:\users\thomas\documents\codes_phd\simbicon_base\release\src\ode-0.16\build\vs2008\obj\release\threading_pool_win.obj
c:\users\thomas\documents\codes_phd\simbicon_base\release\src\ode-0.16\build\vs2008\obj\release\threading_pool_posix.obj
c:\users\thomas\documents\codes_phd\simbicon_base\release\src\ode-0.16\build\vs2008\obj\release\threading_impl.obj
c:\users\thomas\documents\codes_phd\simbicon_base\release\src\ode-0.16\build\vs2008\obj\release\threading_base.obj
c:\users\thomas\documents\codes_phd\simbicon_base\release\src\ode-0.16\build\vs2008\obj\release\step.obj
c:\users\thomas\documents\codes_phd\simbicon_base\release\src\ode-0.16\build\vs2008\obj\release\sphere.obj
c:\users\thomas\documents\codes_phd\simbicon_base\release\src\ode-0.16\build\vs2008\obj\release\simple_cooperative.obj
c:\users\thomas\documents\codes_phd\simbicon_base\release\src\ode-0.16\build\vs2008\obj\release\rotation.obj
c:\users\thomas\documents\codes_phd\simbicon_base\release\src\ode-0.16\build\vs2008\obj\release\resource_control.obj
c:\users\thomas\documents\codes_phd\simbicon_base\release\src\ode-0.16\build\vs2008\obj\release\ray.obj
c:\users\thomas\documents\codes_phd\simbicon_base\release\src\ode-0.16\build\vs2008\obj\release\quickstep.obj
c:\users\thomas\documents\codes_phd\simbicon_base\release\src\ode-0.16\build\vs2008\obj\release\plane.obj
c:\users\thomas\documents\codes_phd\simbicon_base\release\src\ode-0.16\build\vs2008\obj\release\odetls.obj
c:\users\thomas\documents\codes_phd\simbicon_base\release\src\ode-0.16\build\vs2008\obj\release\odeou.obj
c:\users\thomas\documents\codes_phd\simbicon_base\release\src\ode-0.16\build\vs2008\obj\release\odemath.obj
c:\users\thomas\documents\codes_phd\simbicon_base\release\src\ode-0.16\build\vs2008\obj\release\odeinit.obj
c:\users\thomas\documents\codes_phd\simbicon_base\release\src\ode-0.16\build\vs2008\obj\release\ode.obj
c:\users\thomas\documents\codes_phd\simbicon_base\release\src\ode-0.16\build\vs2008\obj\release\obstack.obj
c:\users\thomas\documents\codes_phd\simbicon_base\release\src\ode-0.16\build\vs2008\obj\release\objects.obj
c:\users\thomas\documents\codes_phd\simbicon_base\release\src\ode-0.16\build\vs2008\obj\release\opc_basemodel.obj
c:\users\thomas\documents\codes_phd\simbicon_base\release\src\ode-0.16\build\vs2008\obj\release\opc_aabbtree.obj
c:\users\thomas\documents\codes_phd\simbicon_base\release\src\ode-0.16\build\vs2008\obj\release\opc_aabbcollider.obj
c:\users\thomas\documents\codes_phd\simbicon_base\release\src\ode-0.16\build\vs2008\obj\release\opcode.obj
c:\users\thomas\documents\codes_phd\simbicon_base\release\src\ode-0.16\build\vs2008\obj\release\iceutils.obj
c:\users\thomas\documents\codes_phd\simbicon_base\release\src\ode-0.16\build\vs2008\obj\release\icetriangle.obj
c:\users\thomas\documents\codes_phd\simbicon_base\release\src\ode-0.16\build\vs2008\obj\release\icesegment.obj
c:\users\thomas\documents\codes_phd\simbicon_base\release\src\ode-0.16\build\vs2008\obj\release\icerevisitedradix.obj
c:\users\thomas\documents\codes_phd\simbicon_base\release\src\ode-0.16\build\vs2008\obj\release\iceray.obj
c:\users\thomas\documents\codes_phd\simbicon_base\release\src\ode-0.16\build\vs2008\obj\release\icerandom.obj
c:\users\thomas\documents\codes_phd\simbicon_base\release\src\ode-0.16\build\vs2008\obj\release\icepoint.obj
c:\users\thomas\documents\codes_phd\simbicon_base\release\src\ode-0.16\build\vs2008\obj\release\iceplane.obj
c:\users\thomas\documents\codes_phd\simbicon_base\release\src\ode-0.16\build\vs2008\obj\release\iceobb.obj
c:\users\thomas\documents\codes_phd\simbicon_base\release\src\ode-0.16\build\vs2008\obj\release\icematrix4x4.obj
c:\users\thomas\documents\codes_phd\simbicon_base\release\src\ode-0.16\build\vs2008\obj\release\icematrix3x3.obj
c:\users\thomas\documents\codes_phd\simbicon_base\release\src\ode-0.16\build\vs2008\obj\release\iceindexedtriangle.obj
c:\users\thomas\documents\codes_phd\simbicon_base\release\src\ode-0.16\build\vs2008\obj\release\icehpoint.obj
c:\users\thomas\documents\codes_phd\simbicon_base\release\src\ode-0.16\build\vs2008\obj\release\icecontainer.obj
c:\users\thomas\documents\codes_phd\simbicon_base\release\src\ode-0.16\build\vs2008\obj\release\iceaabb.obj
c:\users\thomas\documents\codes_phd\simbicon_base\release\src\ode-0.16\build\vs2008\obj\release\util.obj
c:\users\thomas\documents\codes_phd\simbicon_base\release\src\ode-0.16\build\vs2008\obj\release\threadlocalstorage.obj
c:\users\thomas\documents\codes_phd\simbicon_base\release\src\ode-0.16\build\vs2008\obj\release\malloc.obj
c:\users\thomas\documents\codes_phd\simbicon_base\release\src\ode-0.16\build\vs2008\obj\release\customization.obj
c:\users\thomas\documents\codes_phd\simbicon_base\release\src\ode-0.16\build\vs2008\obj\release\atomic.obj
c:\users\thomas\documents\codes_phd\simbicon_base\release\src\ode-0.16\build\vs2008\obj\release\opc_volumecollider.obj
c:\users\thomas\documents\codes_phd\simbicon_base\release\src\ode-0.16\build\vs2008\obj\release\opc_treecollider.obj
c:\users\thomas\documents\codes_phd\simbicon_base\release\src\ode-0.16\build\vs2008\obj\release\opc_treebuilders.obj
c:\users\thomas\documents\codes_phd\simbicon_base\release\src\ode-0.16\build\vs2008\obj\release\opc_spherecollider.obj
c:\users\thomas\documents\codes_phd\simbicon_base\release\src\ode-0.16\build\vs2008\obj\release\opc_raycollider.obj
c:\users\thomas\documents\codes_phd\simbicon_base\release\src\ode-0.16\build\vs2008\obj\release\opc_planescollider.obj
c:\users\thomas\documents\codes_phd\simbicon_base\release\src\ode-0.16\build\vs2008\obj\release\opc_picking.obj
c:\users\thomas\documents\codes_phd\simbicon_base\release\src\ode-0.16\build\vs2008\obj\release\opc_optimizedtree.obj
c:\users\thomas\documents\codes_phd\simbicon_base\release\src\ode-0.16\build\vs2008\obj\release\opc_obbcollider.obj
c:\users\thomas\documents\codes_phd\simbicon_base\release\src\ode-0.16\build\vs2008\obj\release\opc_model.obj
c:\users\thomas\documents\codes_phd\simbicon_base\release\src\ode-0.16\build\vs2008\obj\release\opc_meshinterface.obj
c:\users\thomas\documents\codes_phd\simbicon_base\release\src\ode-0.16\build\vs2008\obj\release\opc_lsscollider.obj
c:\users\thomas\documents\codes_phd\simbicon_base\release\src\ode-0.16\build\vs2008\obj\release\opc_hybridmodel.obj
c:\users\thomas\documents\codes_phd\simbicon_base\release\src\ode-0.16\build\vs2008\obj\release\opc_common.obj
c:\users\thomas\documents\codes_phd\simbicon_base\release\src\ode-0.16\build\vs2008\obj\release\opc_collider.obj
c:\users\thomas\documents\codes_phd\simbicon_base\release\src\ode-0.16\build\vs2008\obj\release\nextafterf.obj
c:\users\thomas\documents\codes_phd\simbicon_base\release\src\ode-0.16\lib\release\ode.dll
c:\users\thomas\documents\codes_phd\simbicon_base\release\src\ode-0.16\lib\release\ode.lib
c:\users\thomas\documents\codes_phd\simbicon_base\release\src\ode-0.16\lib\release\ode.exp
c:\users\thomas\documents\codes_phd\simbicon_base\release\src\ode-0.16\build\vs2008\obj\release\vcpkg.applocal.log
c:\users\p1419778\downloads\simbicon_base\simbicon_base\release\src\ode-0.16\build\vs2008\obj\release\amotor.obj
c:\users\p1419778\downloads\simbicon_base\simbicon_base\release\src\ode-0.16\build\vs2008\obj\release\array.obj
c:\users\p1419778\downloads\simbicon_base\simbicon_base\release\src\ode-0.16\build\vs2008\obj\release\atomic.obj
c:\users\p1419778\downloads\simbicon_base\simbicon_base\release\src\ode-0.16\build\vs2008\obj\release\ball.obj
c:\users\p1419778\downloads\simbicon_base\simbicon_base\release\src\ode-0.16\build\vs2008\obj\release\box.obj
c:\users\p1419778\downloads\simbicon_base\simbicon_base\release\src\ode-0.16\build\vs2008\obj\release\capsule.obj
c:\users\p1419778\downloads\simbicon_base\simbicon_base\release\src\ode-0.16\build\vs2008\obj\release\collision_convex_trimesh.obj
c:\users\p1419778\downloads\simbicon_base\simbicon_base\release\src\ode-0.16\build\vs2008\obj\release\collision_cylinder_box.obj
c:\users\p1419778\downloads\simbicon_base\simbicon_base\release\src\ode-0.16\build\vs2008\obj\release\collision_cylinder_plane.obj
c:\users\p1419778\downloads\simbicon_base\simbicon_base\release\src\ode-0.16\build\vs2008\obj\release\collision_cylinder_sphere.obj
c:\users\p1419778\downloads\simbicon_base\simbicon_base\release\src\ode-0.16\build\vs2008\obj\release\collision_cylinder_trimesh.obj
c:\users\p1419778\downloads\simbicon_base\simbicon_base\release\src\ode-0.16\build\vs2008\obj\release\collision_kernel.obj
c:\users\p1419778\downloads\simbicon_base\simbicon_base\release\src\ode-0.16\build\vs2008\obj\release\collision_quadtreespace.obj
c:\users\p1419778\downloads\simbicon_base\simbicon_base\release\src\ode-0.16\build\vs2008\obj\release\collision_sapspace.obj
c:\users\p1419778\downloads\simbicon_base\simbicon_base\release\src\ode-0.16\build\vs2008\obj\release\collision_space.obj
c:\users\p1419778\downloads\simbicon_base\simbicon_base\release\src\ode-0.16\build\vs2008\obj\release\collision_transform.obj
c:\users\p1419778\downloads\simbicon_base\simbicon_base\release\src\ode-0.16\build\vs2008\obj\release\collision_trimesh_box.obj
c:\users\p1419778\downloads\simbicon_base\simbicon_base\release\src\ode-0.16\build\vs2008\obj\release\collision_trimesh_ccylinder.obj
c:\users\p1419778\downloads\simbicon_base\simbicon_base\release\src\ode-0.16\build\vs2008\obj\release\collision_trimesh_disabled.obj
c:\users\p1419778\downloads\simbicon_base\simbicon_base\release\src\ode-0.16\build\vs2008\obj\release\collision_trimesh_internal.obj
c:\users\p1419778\downloads\simbicon_base\simbicon_base\release\src\ode-0.16\build\vs2008\obj\release\collision_trimesh_opcode.obj
c:\users\p1419778\downloads\simbicon_base\simbicon_base\release\src\ode-0.16\build\vs2008\obj\release\collision_trimesh_plane.obj
c:\users\p1419778\downloads\simbicon_base\simbicon_base\release\src\ode-0.16\build\vs2008\obj\release\collision_trimesh_ray.obj
c:\users\p1419778\downloads\simbicon_base\simbicon_base\release\src\ode-0.16\build\vs2008\obj\release\collision_trimesh_sphere.obj
c:\users\p1419778\downloads\simbicon_base\simbicon_base\release\src\ode-0.16\build\vs2008\obj\release\collision_trimesh_trimesh.obj
c:\users\p1419778\downloads\simbicon_base\simbicon_base\release\src\ode-0.16\build\vs2008\obj\release\collision_trimesh_trimesh_old.obj
c:\users\p1419778\downloads\simbicon_base\simbicon_base\release\src\ode-0.16\build\vs2008\obj\release\collision_util.obj
c:\users\p1419778\downloads\simbicon_base\simbicon_base\release\src\ode-0.16\build\vs2008\obj\release\contact.obj
c:\users\p1419778\downloads\simbicon_base\simbicon_base\release\src\ode-0.16\build\vs2008\obj\release\convex.obj
c:\users\p1419778\downloads\simbicon_base\simbicon_base\release\src\ode-0.16\build\vs2008\obj\release\customization.obj
c:\users\p1419778\downloads\simbicon_base\simbicon_base\release\src\ode-0.16\build\vs2008\obj\release\cylinder.obj
c:\users\p1419778\downloads\simbicon_base\simbicon_base\release\src\ode-0.16\build\vs2008\obj\release\dball.obj
c:\users\p1419778\downloads\simbicon_base\simbicon_base\release\src\ode-0.16\build\vs2008\obj\release\default_threading.obj
c:\users\p1419778\downloads\simbicon_base\simbicon_base\release\src\ode-0.16\build\vs2008\obj\release\dhinge.obj
c:\users\p1419778\downloads\simbicon_base\simbicon_base\release\src\ode-0.16\build\vs2008\obj\release\error.obj
c:\users\p1419778\downloads\simbicon_base\simbicon_base\release\src\ode-0.16\build\vs2008\obj\release\export-dif.obj
c:\users\p1419778\downloads\simbicon_base\simbicon_base\release\src\ode-0.16\build\vs2008\obj\release\fastdot.obj
c:\users\p1419778\downloads\simbicon_base\simbicon_base\release\src\ode-0.16\build\vs2008\obj\release\fastldltfactor.obj
c:\users\p1419778\downloads\simbicon_base\simbicon_base\release\src\ode-0.16\build\vs2008\obj\release\fastldltsolve.obj
c:\users\p1419778\downloads\simbicon_base\simbicon_base\release\src\ode-0.16\build\vs2008\obj\release\fastlsolve.obj
c:\users\p1419778\downloads\simbicon_base\simbicon_base\release\src\ode-0.16\build\vs2008\obj\release\fastltsolve.obj
c:\users\p1419778\downloads\simbicon_base\simbicon_base\release\src\ode-0.16\build\vs2008\obj\release\fastvecscale.obj
c:\users\p1419778\downloads\simbicon_base\simbicon_base\release\src\ode-0.16\build\vs2008\obj\release\fixed.obj
c:\users\p1419778\downloads\simbicon_base\simbicon_base\release\src\ode-0.16\build\vs2008\obj\release\heightfield.obj
c:\users\p1419778\downloads\simbicon_base\simbicon_base\release\src\ode-0.16\build\vs2008\obj\release\hinge.obj
c:\users\p1419778\downloads\simbicon_base\simbicon_base\release\src\ode-0.16\build\vs2008\obj\release\hinge2.obj
c:\users\p1419778\downloads\simbicon_base\simbicon_base\release\src\ode-0.16\build\vs2008\obj\release\iceaabb.obj
c:\users\p1419778\downloads\simbicon_base\simbicon_base\release\src\ode-0.16\build\vs2008\obj\release\icecontainer.obj
c:\users\p1419778\downloads\simbicon_base\simbicon_base\release\src\ode-0.16\build\vs2008\obj\release\icehpoint.obj
c:\users\p1419778\downloads\simbicon_base\simbicon_base\release\src\ode-0.16\build\vs2008\obj\release\iceindexedtriangle.obj
c:\users\p1419778\downloads\simbicon_base\simbicon_base\release\src\ode-0.16\build\vs2008\obj\release\icematrix3x3.obj
c:\users\p1419778\downloads\simbicon_base\simbicon_base\release\src\ode-0.16\build\vs2008\obj\release\icematrix4x4.obj
c:\users\p1419778\downloads\simbicon_base\simbicon_base\release\src\ode-0.16\build\vs2008\obj\release\iceobb.obj
c:\users\p1419778\downloads\simbicon_base\simbicon_base\release\src\ode-0.16\build\vs2008\obj\release\iceplane.obj
c:\users\p1419778\downloads\simbicon_base\simbicon_base\release\src\ode-0.16\build\vs2008\obj\release\icepoint.obj
c:\users\p1419778\downloads\simbicon_base\simbicon_base\release\src\ode-0.16\build\vs2008\obj\release\icerandom.obj
c:\users\p1419778\downloads\simbicon_base\simbicon_base\release\src\ode-0.16\build\vs2008\obj\release\iceray.obj
c:\users\p1419778\downloads\simbicon_base\simbicon_base\release\src\ode-0.16\build\vs2008\obj\release\icerevisitedradix.obj
c:\users\p1419778\downloads\simbicon_base\simbicon_base\release\src\ode-0.16\build\vs2008\obj\release\icesegment.obj
c:\users\p1419778\downloads\simbicon_base\simbicon_base\release\src\ode-0.16\build\vs2008\obj\release\icetriangle.obj
c:\users\p1419778\downloads\simbicon_base\simbicon_base\release\src\ode-0.16\build\vs2008\obj\release\iceutils.obj
c:\users\p1419778\downloads\simbicon_base\simbicon_base\release\src\ode-0.16\build\vs2008\obj\release\joint.obj
c:\users\p1419778\downloads\simbicon_base\simbicon_base\release\src\ode-0.16\build\vs2008\obj\release\lcp.obj
c:\users\p1419778\downloads\simbicon_base\simbicon_base\release\src\ode-0.16\build\vs2008\obj\release\lmotor.obj
c:\users\p1419778\downloads\simbicon_base\simbicon_base\release\src\ode-0.16\build\vs2008\obj\release\malloc.obj
c:\users\p1419778\downloads\simbicon_base\simbicon_base\release\src\ode-0.16\build\vs2008\obj\release\mass.obj
c:\users\p1419778\downloads\simbicon_base\simbicon_base\release\src\ode-0.16\build\vs2008\obj\release\mat.obj
c:\users\p1419778\downloads\simbicon_base\simbicon_base\release\src\ode-0.16\build\vs2008\obj\release\matrix.obj
c:\users\p1419778\downloads\simbicon_base\simbicon_base\release\src\ode-0.16\build\vs2008\obj\release\memory.obj
c:\users\p1419778\downloads\simbicon_base\simbicon_base\release\src\ode-0.16\build\vs2008\obj\release\misc.obj
c:\users\p1419778\downloads\simbicon_base\simbicon_base\release\src\ode-0.16\build\vs2008\obj\release\nextafterf.obj
c:\users\p1419778\downloads\simbicon_base\simbicon_base\release\src\ode-0.16\build\vs2008\obj\release\null.obj
c:\users\p1419778\downloads\simbicon_base\simbicon_base\release\src\ode-0.16\build\vs2008\obj\release\objects.obj
c:\users\p1419778\downloads\simbicon_base\simbicon_base\release\src\ode-0.16\build\vs2008\obj\release\obstack.obj
c:\users\p1419778\downloads\simbicon_base\simbicon_base\release\src\ode-0.16\build\vs2008\obj\release\ode.obj
c:\users\p1419778\downloads\simbicon_base\simbicon_base\release\src\ode-0.16\build\vs2008\obj\release\odeinit.obj
c:\users\p1419778\downloads\simbicon_base\simbicon_base\release\src\ode-0.16\build\vs2008\obj\release\odemath.obj
c:\users\p1419778\downloads\simbicon_base\simbicon_base\release\src\ode-0.16\build\vs2008\obj\release\odeou.obj
c:\users\p1419778\downloads\simbicon_base\simbicon_base\release\src\ode-0.16\build\vs2008\obj\release\odetls.obj
c:\users\p1419778\downloads\simbicon_base\simbicon_base\release\src\ode-0.16\build\vs2008\obj\release\opcode.obj
c:\users\p1419778\downloads\simbicon_base\simbicon_base\release\src\ode-0.16\build\vs2008\obj\release\opc_aabbcollider.obj
c:\users\p1419778\downloads\simbicon_base\simbicon_base\release\src\ode-0.16\build\vs2008\obj\release\opc_aabbtree.obj
c:\users\p1419778\downloads\simbicon_base\simbicon_base\release\src\ode-0.16\build\vs2008\obj\release\opc_basemodel.obj
c:\users\p1419778\downloads\simbicon_base\simbicon_base\release\src\ode-0.16\build\vs2008\obj\release\opc_collider.obj
c:\users\p1419778\downloads\simbicon_base\simbicon_base\release\src\ode-0.16\build\vs2008\obj\release\opc_common.obj
c:\users\p1419778\downloads\simbicon_base\simbicon_base\release\src\ode-0.16\build\vs2008\obj\release\opc_hybridmodel.obj
c:\users\p1419778\downloads\simbicon_base\simbicon_base\release\src\ode-0.16\build\vs2008\obj\release\opc_lsscollider.obj
c:\users\p1419778\downloads\simbicon_base\simbicon_base\release\src\ode-0.16\build\vs2008\obj\release\opc_meshinterface.obj
c:\users\p1419778\downloads\simbicon_base\simbicon_base\release\src\ode-0.16\build\vs2008\obj\release\opc_model.obj
c:\users\p1419778\downloads\simbicon_base\simbicon_base\release\src\ode-0.16\build\vs2008\obj\release\opc_obbcollider.obj
c:\users\p1419778\downloads\simbicon_base\simbicon_base\release\src\ode-0.16\build\vs2008\obj\release\opc_optimizedtree.obj
c:\users\p1419778\downloads\simbicon_base\simbicon_base\release\src\ode-0.16\build\vs2008\obj\release\opc_picking.obj
c:\users\p1419778\downloads\simbicon_base\simbicon_base\release\src\ode-0.16\build\vs2008\obj\release\opc_planescollider.obj
c:\users\p1419778\downloads\simbicon_base\simbicon_base\release\src\ode-0.16\build\vs2008\obj\release\opc_raycollider.obj
c:\users\p1419778\downloads\simbicon_base\simbicon_base\release\src\ode-0.16\build\vs2008\obj\release\opc_spherecollider.obj
c:\users\p1419778\downloads\simbicon_base\simbicon_base\release\src\ode-0.16\build\vs2008\obj\release\opc_treebuilders.obj
c:\users\p1419778\downloads\simbicon_base\simbicon_base\release\src\ode-0.16\build\vs2008\obj\release\opc_treecollider.obj
c:\users\p1419778\downloads\simbicon_base\simbicon_base\release\src\ode-0.16\build\vs2008\obj\release\opc_volumecollider.obj
c:\users\p1419778\downloads\simbicon_base\simbicon_base\release\src\ode-0.16\build\vs2008\obj\release\piston.obj
c:\users\p1419778\downloads\simbicon_base\simbicon_base\release\src\ode-0.16\build\vs2008\obj\release\plane.obj
c:\users\p1419778\downloads\simbicon_base\simbicon_base\release\src\ode-0.16\build\vs2008\obj\release\plane2d.obj
c:\users\p1419778\downloads\simbicon_base\simbicon_base\release\src\ode-0.16\build\vs2008\obj\release\pr.obj
c:\users\p1419778\downloads\simbicon_base\simbicon_base\release\src\ode-0.16\build\vs2008\obj\release\pu.obj
c:\users\p1419778\downloads\simbicon_base\simbicon_base\release\src\ode-0.16\build\vs2008\obj\release\quickstep.obj
c:\users\p1419778\downloads\simbicon_base\simbicon_base\release\src\ode-0.16\build\vs2008\obj\release\ray.obj
c:\users\p1419778\downloads\simbicon_base\simbicon_base\release\src\ode-0.16\build\vs2008\obj\release\resource_control.obj
c:\users\p1419778\downloads\simbicon_base\simbicon_base\release\src\ode-0.16\build\vs2008\obj\release\rotation.obj
c:\users\p1419778\downloads\simbicon_base\simbicon_base\release\src\ode-0.16\build\vs2008\obj\release\simple_cooperative.obj
c:\users\p1419778\downloads\simbicon_base\simbicon_base\release\src\ode-0.16\build\vs2008\obj\release\slider.obj
c:\users\p1419778\downloads\simbicon_base\simbicon_base\release\src\ode-0.16\build\vs2008\obj\release\sphere.obj
c:\users\p1419778\downloads\simbicon_base\simbicon_base\release\src\ode-0.16\build\vs2008\obj\release\step.obj
c:\users\p1419778\downloads\simbicon_base\simbicon_base\release\src\ode-0.16\build\vs2008\obj\release\threading_base.obj
c:\users\p1419778\downloads\simbicon_base\simbicon_base\release\src\ode-0.16\build\vs2008\obj\release\threading_impl.obj
c:\users\p1419778\downloads\simbicon_base\simbicon_base\release\src\ode-0.16\build\vs2008\obj\release\threading_pool_posix.obj
c:\users\p1419778\downloads\simbicon_base\simbicon_base\release\src\ode-0.16\build\vs2008\obj\release\threading_pool_win.obj
c:\users\p1419778\downloads\simbicon_base\simbicon_base\release\src\ode-0.16\build\vs2008\obj\release\threadlocalstorage.obj
c:\users\p1419778\downloads\simbicon_base\simbicon_base\release\src\ode-0.16\build\vs2008\obj\release\timer.obj
c:\users\p1419778\downloads\simbicon_base\simbicon_base\release\src\ode-0.16\build\vs2008\obj\release\transmission.obj
c:\users\p1419778\downloads\simbicon_base\simbicon_base\release\src\ode-0.16\build\vs2008\obj\release\universal.obj
c:\users\p1419778\downloads\simbicon_base\simbicon_base\release\src\ode-0.16\build\vs2008\obj\release\util.obj
c:\users\p1419778\downloads\simbicon_base\simbicon_base\release\src\ode-0.16\build\vs2008\..\..\lib\release\ode.dll
c:\users\p1419778\downloads\simbicon_base\simbicon_base\release\src\ode-0.16\build\vs2008\obj\release\ode.tlog\cl.command.1.tlog
c:\users\p1419778\downloads\simbicon_base\simbicon_base\release\src\ode-0.16\build\vs2008\obj\release\ode.tlog\cl.read.1.tlog
c:\users\p1419778\downloads\simbicon_base\simbicon_base\release\src\ode-0.16\build\vs2008\obj\release\ode.tlog\cl.write.1.tlog
c:\users\p1419778\downloads\simbicon_base\simbicon_base\release\src\ode-0.16\build\vs2008\obj\release\ode.tlog\link.command.1.tlog
c:\users\p1419778\downloads\simbicon_base\simbicon_base\release\src\ode-0.16\build\vs2008\obj\release\ode.tlog\link.read.1.tlog
c:\users\p1419778\downloads\simbicon_base\simbicon_base\release\src\ode-0.16\build\vs2008\obj\release\ode.tlog\link.write.1.tlog
c:\users\p1419778\downloads\simbicon_base\simbicon_base\release\src\ode-0.16\build\vs2008\obj\release\ode.tlog\ode.write.1u.tlog
