cl : Command line warning D9035: option 'Gm' has been deprecated and will be removed in a future release
  vector.c
  swap.c
  prop.c
  oper.c
  minmax.c
  copy.c
  matrix.c
  getset.c
  error.c
c:\users\thomas\documents\codes_phd\simbicon_base\release\src\gsl\error.c(40): warning C4474: 'printf' : too many arguments passed for format string
  c:\users\thomas\documents\codes_phd\simbicon_base\release\src\gsl\error.c(40): note: placeholders and their parameters expect 0 variadic arguments, but 3 were provided
  init.c
  file.c
  block.c
  cblas.c
  blas.c
  Generating Code...
cl : Command line warning D9035: option 'Gm' has been deprecated and will be removed in a future release
  copy.c
cl : Command line warning D9035: option 'Gm' has been deprecated and will be removed in a future release
  file.c
cl : Command line warning D9035: option 'Gm' has been deprecated and will be removed in a future release
  init.c
cl : Command line warning D9035: option 'Gm' has been deprecated and will be removed in a future release
  minmax.c
cl : Command line warning D9035: option 'Gm' has been deprecated and will be removed in a future release
  oper.c
cl : Command line warning D9035: option 'Gm' has been deprecated and will be removed in a future release
  prop.c
cl : Command line warning D9035: option 'Gm' has been deprecated and will be removed in a future release
  swap.c
cl : Command line warning D9035: option 'Gm' has been deprecated and will be removed in a future release
  file.c
cl : Command line warning D9035: option 'Gm' has been deprecated and will be removed in a future release
  init.c
  gsl.vcxproj -> C:\Users\Thomas\Documents\codes_PhD\SimBiCon_base\release\src\gsl\../binaries/Debug\gsl.lib
