c:\users\thomas\documents\codes_phd\simbicon_base\release\src\core\release\simglobals.obj
c:\users\thomas\documents\codes_phd\simbicon_base\release\src\core\release\simbicontroller.obj
c:\users\thomas\documents\codes_phd\simbicon_base\release\src\core\release\simbiconstate.obj
c:\users\thomas\documents\codes_phd\simbicon_base\release\src\core\release\simbiconframework.obj
c:\users\thomas\documents\codes_phd\simbicon_base\release\src\core\release\posecontroller.obj
c:\users\thomas\documents\codes_phd\simbicon_base\release\src\core\release\conutils.obj
c:\users\thomas\documents\codes_phd\simbicon_base\release\src\core\release\controller.obj
c:\users\thomas\documents\codes_phd\simbicon_base\release\src\core\release\character.obj
c:\users\thomas\documents\codes_phd\simbicon_base\release\src\core\release\basecontrolframework.obj
c:\users\thomas\documents\codes_phd\simbicon_base\release\src\core\release\balancefeedback.obj
c:\users\thomas\documents\codes_phd\simbicon_base\release\src\core\release\vcpkg.applocal.log
c:\users\thomas\documents\codes_phd\simbicon_base\release\src\binaries\release\core.lib
c:\users\thomas\documents\codes_phd\simbicon_base\release\src\core\../binaries/release\core.lib
c:\users\thomas\documents\codes_phd\simbicon_base\release\src\core\release\core.tlog\cl.command.1.tlog
c:\users\thomas\documents\codes_phd\simbicon_base\release\src\core\release\core.tlog\cl.read.1.tlog
c:\users\thomas\documents\codes_phd\simbicon_base\release\src\core\release\core.tlog\cl.write.1.tlog
c:\users\thomas\documents\codes_phd\simbicon_base\release\src\core\release\core.tlog\core.write.1u.tlog
c:\users\thomas\documents\codes_phd\simbicon_base\release\src\core\release\core.tlog\lib-link.read.1.tlog
c:\users\thomas\documents\codes_phd\simbicon_base\release\src\core\release\core.tlog\lib-link.write.1.tlog
c:\users\thomas\documents\codes_phd\simbicon_base\release\src\core\release\core.tlog\lib.command.1.tlog
