c:\users\thomas\documents\codes_phd\simbicon_base\release\src\gsl\debug\gsl.pdb
c:\users\thomas\documents\codes_phd\simbicon_base\release\src\gsl\debug\gsl.idb
c:\users\thomas\documents\codes_phd\simbicon_base\release\src\gsl\debug\blas.obj
c:\users\thomas\documents\codes_phd\simbicon_base\release\src\gsl\debug\cblas.obj
c:\users\thomas\documents\codes_phd\simbicon_base\release\src\gsl\debug\block.obj
c:\users\thomas\documents\codes_phd\simbicon_base\release\src\gsl\debug\file.obj
c:\users\thomas\documents\codes_phd\simbicon_base\release\src\gsl\debug\init.obj
c:\users\thomas\documents\codes_phd\simbicon_base\release\src\gsl\debug\error.obj
c:\users\thomas\documents\codes_phd\simbicon_base\release\src\gsl\debug\getset.obj
c:\users\thomas\documents\codes_phd\simbicon_base\release\src\gsl\debug\matrix.obj
c:\users\thomas\documents\codes_phd\simbicon_base\release\src\gsl\debug\copy.obj
c:\users\thomas\documents\codes_phd\simbicon_base\release\src\gsl\debug\minmax.obj
c:\users\thomas\documents\codes_phd\simbicon_base\release\src\gsl\debug\oper.obj
c:\users\thomas\documents\codes_phd\simbicon_base\release\src\gsl\debug\prop.obj
c:\users\thomas\documents\codes_phd\simbicon_base\release\src\gsl\debug\swap.obj
c:\users\thomas\documents\codes_phd\simbicon_base\release\src\gsl\debug\vector.obj
c:\users\thomas\documents\codes_phd\simbicon_base\release\src\gsl\debug\copy1.obj
c:\users\thomas\documents\codes_phd\simbicon_base\release\src\gsl\debug\file2.obj
c:\users\thomas\documents\codes_phd\simbicon_base\release\src\gsl\debug\init2.obj
c:\users\thomas\documents\codes_phd\simbicon_base\release\src\gsl\debug\minmax1.obj
c:\users\thomas\documents\codes_phd\simbicon_base\release\src\gsl\debug\oper1.obj
c:\users\thomas\documents\codes_phd\simbicon_base\release\src\gsl\debug\prop1.obj
c:\users\thomas\documents\codes_phd\simbicon_base\release\src\gsl\debug\swap1.obj
c:\users\thomas\documents\codes_phd\simbicon_base\release\src\gsl\debug\file1.obj
c:\users\thomas\documents\codes_phd\simbicon_base\release\src\gsl\debug\init1.obj
c:\users\thomas\documents\codes_phd\simbicon_base\release\src\gsl\debug\vcpkg.applocal.log
c:\users\thomas\documents\codes_phd\simbicon_base\release\src\binaries\debug\gsl.lib
c:\users\thomas\documents\codes_phd\simbicon_base\release\src\gsl\../binaries/debug\gsl.lib
c:\users\thomas\documents\codes_phd\simbicon_base\release\src\gsl\debug\gsl.tlog\cl.command.1.tlog
c:\users\thomas\documents\codes_phd\simbicon_base\release\src\gsl\debug\gsl.tlog\cl.read.1.tlog
c:\users\thomas\documents\codes_phd\simbicon_base\release\src\gsl\debug\gsl.tlog\cl.write.1.tlog
c:\users\thomas\documents\codes_phd\simbicon_base\release\src\gsl\debug\gsl.tlog\gsl.write.1u.tlog
c:\users\thomas\documents\codes_phd\simbicon_base\release\src\gsl\debug\gsl.tlog\lib-link.read.1.tlog
c:\users\thomas\documents\codes_phd\simbicon_base\release\src\gsl\debug\gsl.tlog\lib-link.write.1.tlog
c:\users\thomas\documents\codes_phd\simbicon_base\release\src\gsl\debug\gsl.tlog\lib.command.1.tlog
