cl : Ligne de commande warning D9035: l'option 'Gm' est déconseillée et sera supprimée dans une version ultérieure
  vector.c
  swap.c
  prop.c
  oper.c
  minmax.c
  copy.c
  matrix.c
  getset.c
  error.c
C:\Users\p1419778\Downloads\SimBiCon_base\SimBiCon_base\release\src\gsl\error.c(40): warning C4474: 'printf' : trop d'arguments passés pour la chaîne de format
  C:\Users\p1419778\Downloads\SimBiCon_base\SimBiCon_base\release\src\gsl\error.c(40): note: les espaces réservés et leurs paramètres attendent des arguments 0 variadiques, mais des arguments 3 ont été fournis
  init.c
  file.c
  block.c
  cblas.c
  blas.c
  Génération de code en cours...
cl : Ligne de commande warning D9035: l'option 'Gm' est déconseillée et sera supprimée dans une version ultérieure
  copy.c
cl : Ligne de commande warning D9035: l'option 'Gm' est déconseillée et sera supprimée dans une version ultérieure
  file.c
cl : Ligne de commande warning D9035: l'option 'Gm' est déconseillée et sera supprimée dans une version ultérieure
  init.c
cl : Ligne de commande warning D9035: l'option 'Gm' est déconseillée et sera supprimée dans une version ultérieure
  minmax.c
cl : Ligne de commande warning D9035: l'option 'Gm' est déconseillée et sera supprimée dans une version ultérieure
  oper.c
cl : Ligne de commande warning D9035: l'option 'Gm' est déconseillée et sera supprimée dans une version ultérieure
  prop.c
cl : Ligne de commande warning D9035: l'option 'Gm' est déconseillée et sera supprimée dans une version ultérieure
  swap.c
cl : Ligne de commande warning D9035: l'option 'Gm' est déconseillée et sera supprimée dans une version ultérieure
  file.c
cl : Ligne de commande warning D9035: l'option 'Gm' est déconseillée et sera supprimée dans une version ultérieure
  init.c
  gsl.vcxproj -> C:\Users\p1419778\Downloads\SimBiCon_base\SimBiCon_base\release\src\gsl\../binaries/Debug\gsl.lib
