cl : Command line warning D9035: option 'Gm' has been deprecated and will be removed in a future release
  SimGlobals.cpp
c:\users\thomas\documents\codes_phd\simbicon_base\release\src\mathlib\mathlib.h(38): warning C4005: 'INFINITY': macro redefinition
  c:\program files (x86)\windows kits\10\include\10.0.10240.0\ucrt\math.h(78): note: see previous definition of 'INFINITY'
  SimBiController.cpp
c:\users\thomas\documents\codes_phd\simbicon_base\release\src\mathlib\mathlib.h(38): warning C4005: 'INFINITY': macro redefinition
  c:\program files (x86)\windows kits\10\include\10.0.10240.0\ucrt\math.h(78): note: see previous definition of 'INFINITY'
  SimBiConState.cpp
c:\users\thomas\documents\codes_phd\simbicon_base\release\src\mathlib\mathlib.h(38): warning C4005: 'INFINITY': macro redefinition
  c:\program files (x86)\windows kits\10\include\10.0.10240.0\ucrt\math.h(78): note: see previous definition of 'INFINITY'
  SimBiConFramework.cpp
c:\users\thomas\documents\codes_phd\simbicon_base\release\src\mathlib\mathlib.h(38): warning C4005: 'INFINITY': macro redefinition
  c:\program files (x86)\windows kits\10\include\10.0.10240.0\ucrt\math.h(78): note: see previous definition of 'INFINITY'
  PoseController.cpp
c:\users\thomas\documents\codes_phd\simbicon_base\release\src\mathlib\mathlib.h(38): warning C4005: 'INFINITY': macro redefinition
  c:\program files (x86)\windows kits\10\include\10.0.10240.0\ucrt\math.h(78): note: see previous definition of 'INFINITY'
  ConUtils.cpp
  Controller.cpp
c:\users\thomas\documents\codes_phd\simbicon_base\release\src\mathlib\mathlib.h(38): warning C4005: 'INFINITY': macro redefinition
  c:\program files (x86)\windows kits\10\include\10.0.10240.0\ucrt\math.h(78): note: see previous definition of 'INFINITY'
  Character.cpp
c:\users\thomas\documents\codes_phd\simbicon_base\release\src\mathlib\mathlib.h(38): warning C4005: 'INFINITY': macro redefinition
  c:\program files (x86)\windows kits\10\include\10.0.10240.0\ucrt\math.h(78): note: see previous definition of 'INFINITY'
  BaseControlFramework.cpp
c:\users\thomas\documents\codes_phd\simbicon_base\release\src\mathlib\mathlib.h(38): warning C4005: 'INFINITY': macro redefinition
  c:\program files (x86)\windows kits\10\include\10.0.10240.0\ucrt\math.h(78): note: see previous definition of 'INFINITY'
  BalanceFeedback.cpp
c:\users\thomas\documents\codes_phd\simbicon_base\release\src\mathlib\mathlib.h(38): warning C4005: 'INFINITY': macro redefinition
  c:\program files (x86)\windows kits\10\include\10.0.10240.0\ucrt\math.h(78): note: see previous definition of 'INFINITY'
  Generating Code...
  Core.vcxproj -> C:\Users\Thomas\Documents\codes_PhD\SimBiCon_base\release\src\Core\../binaries/Debug\Core.lib
