  Capsule.cpp
C:\Users\p1419778\Downloads\SimBiCon_base\SimBiCon_base\release\src\MathLib\mathLib.h(38): warning C4005: 'INFINITY' : redéfinition de macro
  C:\Program Files (x86)\Windows Kits\10\Include\10.0.17763.0\ucrt\corecrt_math.h(90): note: voir la définition précédente de 'INFINITY'
  Matrix.cpp
C:\Users\p1419778\Downloads\SimBiCon_base\SimBiCon_base\release\src\MathLib\MathLib.h(38): warning C4005: 'INFINITY' : redéfinition de macro
  C:\Program Files (x86)\Windows Kits\10\Include\10.0.17763.0\ucrt\corecrt_math.h(90): note: voir la définition précédente de 'INFINITY'
  Plane.cpp
C:\Users\p1419778\Downloads\SimBiCon_base\SimBiCon_base\release\src\MathLib\mathLib.h(38): warning C4005: 'INFINITY' : redéfinition de macro
  C:\Program Files (x86)\Windows Kits\10\Include\10.0.17763.0\ucrt\corecrt_math.h(90): note: voir la définition précédente de 'INFINITY'
  Point3d.cpp
C:\Users\p1419778\Downloads\SimBiCon_base\SimBiCon_base\release\src\MathLib\mathLib.h(38): warning C4005: 'INFINITY' : redéfinition de macro
  C:\Program Files (x86)\Windows Kits\10\Include\10.0.17763.0\ucrt\corecrt_math.h(90): note: voir la définition précédente de 'INFINITY'
  Quaternion.cpp
C:\Users\p1419778\Downloads\SimBiCon_base\SimBiCon_base\release\src\MathLib\MathLib.h(38): warning C4005: 'INFINITY' : redéfinition de macro
  C:\Program Files (x86)\Windows Kits\10\Include\10.0.17763.0\ucrt\corecrt_math.h(90): note: voir la définition précédente de 'INFINITY'
  Sphere.cpp
C:\Users\p1419778\Downloads\SimBiCon_base\SimBiCon_base\release\src\MathLib\mathLib.h(38): warning C4005: 'INFINITY' : redéfinition de macro
  C:\Program Files (x86)\Windows Kits\10\Include\10.0.17763.0\ucrt\corecrt_math.h(90): note: voir la définition précédente de 'INFINITY'
  ThreeTuple.cpp
C:\Users\p1419778\Downloads\SimBiCon_base\SimBiCon_base\release\src\MathLib\mathLib.h(38): warning C4005: 'INFINITY' : redéfinition de macro
  C:\Program Files (x86)\Windows Kits\10\Include\10.0.17763.0\ucrt\corecrt_math.h(90): note: voir la définition précédente de 'INFINITY'
  TransformationMatrix.cpp
C:\Users\p1419778\Downloads\SimBiCon_base\SimBiCon_base\release\src\MathLib\MathLib.h(38): warning C4005: 'INFINITY' : redéfinition de macro
  C:\Program Files (x86)\Windows Kits\10\Include\10.0.17763.0\ucrt\corecrt_math.h(90): note: voir la définition précédente de 'INFINITY'
  Vector.cpp
C:\Users\p1419778\Downloads\SimBiCon_base\SimBiCon_base\release\src\MathLib\MathLib.h(38): warning C4005: 'INFINITY' : redéfinition de macro
  C:\Program Files (x86)\Windows Kits\10\Include\10.0.17763.0\ucrt\corecrt_math.h(90): note: voir la définition précédente de 'INFINITY'
  Vector3d.cpp
C:\Users\p1419778\Downloads\SimBiCon_base\SimBiCon_base\release\src\MathLib\mathLib.h(38): warning C4005: 'INFINITY' : redéfinition de macro
  C:\Program Files (x86)\Windows Kits\10\Include\10.0.17763.0\ucrt\corecrt_math.h(90): note: voir la définition précédente de 'INFINITY'
  Génération de code en cours...
  MathLib.vcxproj -> C:\Users\p1419778\Downloads\SimBiCon_base\SimBiCon_base\release\src\MathLib\..\binaries\Release\MathLib.lib
