cl : Ligne de commande warning D9035: l'option 'Gm' est déconseillée et sera supprimée dans une version ultérieure
  SimGlobals.cpp
C:\Users\p1419778\Downloads\SimBiCon_base\SimBiCon_base\release\src\MathLib\mathLib.h(38): warning C4005: 'INFINITY' : redéfinition de macro
  C:\Program Files (x86)\Windows Kits\10\Include\10.0.17763.0\ucrt\corecrt_math.h(90): note: voir la définition précédente de 'INFINITY'
  SimBiController.cpp
C:\Users\p1419778\Downloads\SimBiCon_base\SimBiCon_base\release\src\MathLib\mathLib.h(38): warning C4005: 'INFINITY' : redéfinition de macro
  C:\Program Files (x86)\Windows Kits\10\Include\10.0.17763.0\ucrt\corecrt_math.h(90): note: voir la définition précédente de 'INFINITY'
  SimBiConState.cpp
C:\Users\p1419778\Downloads\SimBiCon_base\SimBiCon_base\release\src\MathLib\mathLib.h(38): warning C4005: 'INFINITY' : redéfinition de macro
  C:\Program Files (x86)\Windows Kits\10\Include\10.0.17763.0\ucrt\corecrt_math.h(90): note: voir la définition précédente de 'INFINITY'
  SimBiConFramework.cpp
C:\Users\p1419778\Downloads\SimBiCon_base\SimBiCon_base\release\src\MathLib\mathLib.h(38): warning C4005: 'INFINITY' : redéfinition de macro
  C:\Program Files (x86)\Windows Kits\10\Include\10.0.17763.0\ucrt\corecrt_math.h(90): note: voir la définition précédente de 'INFINITY'
  PoseController.cpp
C:\Users\p1419778\Downloads\SimBiCon_base\SimBiCon_base\release\src\MathLib\mathLib.h(38): warning C4005: 'INFINITY' : redéfinition de macro
  C:\Program Files (x86)\Windows Kits\10\Include\10.0.17763.0\ucrt\corecrt_math.h(90): note: voir la définition précédente de 'INFINITY'
  ConUtils.cpp
  Controller.cpp
C:\Users\p1419778\Downloads\SimBiCon_base\SimBiCon_base\release\src\MathLib\mathLib.h(38): warning C4005: 'INFINITY' : redéfinition de macro
  C:\Program Files (x86)\Windows Kits\10\Include\10.0.17763.0\ucrt\corecrt_math.h(90): note: voir la définition précédente de 'INFINITY'
  Character.cpp
C:\Users\p1419778\Downloads\SimBiCon_base\SimBiCon_base\release\src\MathLib\mathLib.h(38): warning C4005: 'INFINITY' : redéfinition de macro
  C:\Program Files (x86)\Windows Kits\10\Include\10.0.17763.0\ucrt\corecrt_math.h(90): note: voir la définition précédente de 'INFINITY'
  BaseControlFramework.cpp
C:\Users\p1419778\Downloads\SimBiCon_base\SimBiCon_base\release\src\MathLib\mathLib.h(38): warning C4005: 'INFINITY' : redéfinition de macro
  C:\Program Files (x86)\Windows Kits\10\Include\10.0.17763.0\ucrt\corecrt_math.h(90): note: voir la définition précédente de 'INFINITY'
  BalanceFeedback.cpp
C:\Users\p1419778\Downloads\SimBiCon_base\SimBiCon_base\release\src\MathLib\mathLib.h(38): warning C4005: 'INFINITY' : redéfinition de macro
  C:\Program Files (x86)\Windows Kits\10\Include\10.0.17763.0\ucrt\corecrt_math.h(90): note: voir la définition précédente de 'INFINITY'
  Génération de code en cours...
  Core.vcxproj -> C:\Users\p1419778\Downloads\SimBiCon_base\SimBiCon_base\release\src\Core\../binaries/Debug\Core.lib
