c:\users\thomas\documents\codes_phd\simbicon_base\release\src\core\debug\core.pdb
c:\users\thomas\documents\codes_phd\simbicon_base\release\src\core\debug\core.idb
c:\users\thomas\documents\codes_phd\simbicon_base\release\src\core\debug\conutils.obj
c:\users\thomas\documents\codes_phd\simbicon_base\release\src\core\debug\balancefeedback.obj
c:\users\thomas\documents\codes_phd\simbicon_base\release\src\core\debug\basecontrolframework.obj
c:\users\thomas\documents\codes_phd\simbicon_base\release\src\core\debug\character.obj
c:\users\thomas\documents\codes_phd\simbicon_base\release\src\core\debug\controller.obj
c:\users\thomas\documents\codes_phd\simbicon_base\release\src\core\debug\posecontroller.obj
c:\users\thomas\documents\codes_phd\simbicon_base\release\src\core\debug\simbiconframework.obj
c:\users\thomas\documents\codes_phd\simbicon_base\release\src\core\debug\simbiconstate.obj
c:\users\thomas\documents\codes_phd\simbicon_base\release\src\core\debug\simbicontroller.obj
c:\users\thomas\documents\codes_phd\simbicon_base\release\src\core\debug\simglobals.obj
c:\users\thomas\documents\codes_phd\simbicon_base\release\src\core\debug\vcpkg.applocal.log
c:\users\thomas\documents\codes_phd\simbicon_base\release\src\binaries\debug\core.lib
c:\users\thomas\documents\codes_phd\simbicon_base\release\src\core\../binaries/debug\core.lib
c:\users\thomas\documents\codes_phd\simbicon_base\release\src\core\debug\core.tlog\cl.command.1.tlog
c:\users\thomas\documents\codes_phd\simbicon_base\release\src\core\debug\core.tlog\cl.read.1.tlog
c:\users\thomas\documents\codes_phd\simbicon_base\release\src\core\debug\core.tlog\cl.write.1.tlog
c:\users\thomas\documents\codes_phd\simbicon_base\release\src\core\debug\core.tlog\core.write.1u.tlog
c:\users\thomas\documents\codes_phd\simbicon_base\release\src\core\debug\core.tlog\lib-link.read.1.tlog
c:\users\thomas\documents\codes_phd\simbicon_base\release\src\core\debug\core.tlog\lib-link.write.1.tlog
c:\users\thomas\documents\codes_phd\simbicon_base\release\src\core\debug\core.tlog\lib.command.1.tlog
