c:\users\thomas\documents\codes_phd\simbicon_base\release\src\appgui\debug\vc141.pdb
c:\users\thomas\documents\codes_phd\simbicon_base\release\src\appgui\debug\vc141.idb
c:\users\thomas\documents\codes_phd\simbicon_base\release\src\appgui\debug\application.obj
c:\users\thomas\documents\codes_phd\simbicon_base\release\src\appgui\debug\curveeditor.obj
c:\users\thomas\documents\codes_phd\simbicon_base\release\src\appgui\debug\globals.obj
c:\users\thomas\documents\codes_phd\simbicon_base\release\src\appgui\debug\glwindow.obj
c:\users\thomas\documents\codes_phd\simbicon_base\release\src\appgui\debug\interactioninterface.obj
c:\users\thomas\documents\codes_phd\simbicon_base\release\src\appgui\debug\main.obj
c:\users\thomas\documents\codes_phd\simbicon_base\release\src\appgui\debug\subglwindow.obj
c:\users\thomas\documents\codes_phd\simbicon_base\release\src\appgui\debug\controllereditor.obj
c:\users\thomas\documents\codes_phd\simbicon_base\release\src\appgui\debug\interactiveworld.obj
c:\users\thomas\documents\codes_phd\simbicon_base\release\src\appgui\debug\tcltk.obj
c:\users\thomas\documents\codes_phd\simbicon_base\release\src\appgui\debug\ui.obj
c:\users\thomas\documents\codes_phd\simbicon_base\release\src\appgui\debug\appgui.tlog\cl.command.1.tlog
c:\users\thomas\documents\codes_phd\simbicon_base\release\src\appgui\debug\appgui.tlog\cl.read.1.tlog
c:\users\thomas\documents\codes_phd\simbicon_base\release\src\appgui\debug\appgui.tlog\cl.write.1.tlog
c:\users\thomas\documents\codes_phd\simbicon_base\release\src\appgui\debug\appgui.tlog\link-cvtres.read.1.tlog
c:\users\thomas\documents\codes_phd\simbicon_base\release\src\appgui\debug\appgui.tlog\link-cvtres.write.1.tlog
c:\users\thomas\documents\codes_phd\simbicon_base\release\src\appgui\debug\appgui.tlog\link-rc.read.1.tlog
c:\users\thomas\documents\codes_phd\simbicon_base\release\src\appgui\debug\appgui.tlog\link-rc.write.1.tlog
c:\users\thomas\documents\codes_phd\simbicon_base\release\src\appgui\debug\appgui.tlog\link.command.1.tlog
c:\users\thomas\documents\codes_phd\simbicon_base\release\src\appgui\debug\appgui.tlog\link.read.1.tlog
c:\users\thomas\documents\codes_phd\simbicon_base\release\src\appgui\debug\appgui.tlog\link.write.1.tlog
