cl : Ligne de commande warning D9035: l'option 'Gm' est déconseillée et sera supprimée dans une version ultérieure
  UI.cpp
C:\Users\p1419778\Downloads\SimBiCon_base\SimBiCon_base\release\src\MathLib\mathLib.h(38): warning C4005: 'INFINITY' : redéfinition de macro
  C:\Program Files (x86)\Windows Kits\10\Include\10.0.17763.0\ucrt\corecrt_math.h(90): note: voir la définition précédente de 'INFINITY'
C:\Program Files (x86)\Windows Kits\10\Include\10.0.17763.0\um\winnt.h(20580): error C2059: erreur de syntaxe : 'constante'
C:\Program Files (x86)\Windows Kits\10\Include\10.0.17763.0\um\winnt.h(20580): error C2238: jetons inattendus avant ';'
C:\Program Files (x86)\Windows Kits\10\Include\10.0.17763.0\um\processthreadsapi.h(1032): error C2059: erreur de syntaxe : 'constante'
C:\Program Files (x86)\Windows Kits\10\Include\10.0.17763.0\um\processthreadsapi.h(1032): error C2238: jetons inattendus avant ';'
C:\Program Files (x86)\Windows Kits\10\Include\10.0.17763.0\um\processthreadsapi.h(1151): error C2059: erreur de syntaxe : 'constante'
C:\Program Files (x86)\Windows Kits\10\Include\10.0.17763.0\um\processthreadsapi.h(1151): error C2238: jetons inattendus avant ';'
  tcltk.cpp
C:\Users\p1419778\Downloads\SimBiCon_base\SimBiCon_base\release\src\MathLib\mathLib.h(38): warning C4005: 'INFINITY' : redéfinition de macro
  C:\Program Files (x86)\Windows Kits\10\Include\10.0.17763.0\ucrt\corecrt_math.h(90): note: voir la définition précédente de 'INFINITY'
C:\Program Files (x86)\Windows Kits\10\Include\10.0.17763.0\um\winnt.h(20580): error C2059: erreur de syntaxe : 'constante'
C:\Program Files (x86)\Windows Kits\10\Include\10.0.17763.0\um\winnt.h(20580): error C2238: jetons inattendus avant ';'
C:\Program Files (x86)\Windows Kits\10\Include\10.0.17763.0\um\processthreadsapi.h(1032): error C2059: erreur de syntaxe : 'constante'
C:\Program Files (x86)\Windows Kits\10\Include\10.0.17763.0\um\processthreadsapi.h(1032): error C2238: jetons inattendus avant ';'
C:\Program Files (x86)\Windows Kits\10\Include\10.0.17763.0\um\processthreadsapi.h(1151): error C2059: erreur de syntaxe : 'constante'
C:\Program Files (x86)\Windows Kits\10\Include\10.0.17763.0\um\processthreadsapi.h(1151): error C2238: jetons inattendus avant ';'
  SubGLWindow.cpp
  main.cpp
C:\Users\p1419778\Downloads\SimBiCon_base\SimBiCon_base\release\src\MathLib\mathLib.h(38): warning C4005: 'INFINITY' : redéfinition de macro
  C:\Program Files (x86)\Windows Kits\10\Include\10.0.17763.0\ucrt\corecrt_math.h(90): note: voir la définition précédente de 'INFINITY'
  InteractiveWorld.cpp
C:\Users\p1419778\Downloads\SimBiCon_base\SimBiCon_base\release\src\MathLib\mathLib.h(38): warning C4005: 'INFINITY' : redéfinition de macro
  C:\Program Files (x86)\Windows Kits\10\Include\10.0.17763.0\ucrt\corecrt_math.h(90): note: voir la définition précédente de 'INFINITY'
  InteractionInterface.cpp
C:\Users\p1419778\Downloads\SimBiCon_base\SimBiCon_base\release\src\MathLib\mathLib.h(38): warning C4005: 'INFINITY' : redéfinition de macro
  C:\Program Files (x86)\Windows Kits\10\Include\10.0.17763.0\ucrt\corecrt_math.h(90): note: voir la définition précédente de 'INFINITY'
  GLWindow.cpp
C:\Users\p1419778\Downloads\SimBiCon_base\SimBiCon_base\release\src\MathLib\MathLib.h(38): warning C4005: 'INFINITY' : redéfinition de macro
  C:\Program Files (x86)\Windows Kits\10\Include\10.0.17763.0\ucrt\corecrt_math.h(90): note: voir la définition précédente de 'INFINITY'
  Globals.cpp
C:\Users\p1419778\Downloads\SimBiCon_base\SimBiCon_base\release\src\MathLib\mathLib.h(38): warning C4005: 'INFINITY' : redéfinition de macro
  C:\Program Files (x86)\Windows Kits\10\Include\10.0.17763.0\ucrt\corecrt_math.h(90): note: voir la définition précédente de 'INFINITY'
C:\Program Files (x86)\Windows Kits\10\Include\10.0.17763.0\um\winnt.h(20580): error C2059: erreur de syntaxe : 'constante'
C:\Program Files (x86)\Windows Kits\10\Include\10.0.17763.0\um\winnt.h(20580): error C2238: jetons inattendus avant ';'
C:\Program Files (x86)\Windows Kits\10\Include\10.0.17763.0\um\processthreadsapi.h(1032): error C2059: erreur de syntaxe : 'constante'
C:\Program Files (x86)\Windows Kits\10\Include\10.0.17763.0\um\processthreadsapi.h(1032): error C2238: jetons inattendus avant ';'
C:\Program Files (x86)\Windows Kits\10\Include\10.0.17763.0\um\processthreadsapi.h(1151): error C2059: erreur de syntaxe : 'constante'
C:\Program Files (x86)\Windows Kits\10\Include\10.0.17763.0\um\processthreadsapi.h(1151): error C2238: jetons inattendus avant ';'
  CurveEditor.cpp
C:\Users\p1419778\Downloads\SimBiCon_base\SimBiCon_base\release\src\MathLib\mathLib.h(38): warning C4005: 'INFINITY' : redéfinition de macro
  C:\Program Files (x86)\Windows Kits\10\Include\10.0.17763.0\ucrt\corecrt_math.h(90): note: voir la définition précédente de 'INFINITY'
C:\Program Files (x86)\Windows Kits\10\Include\10.0.17763.0\um\winnt.h(20580): error C2059: erreur de syntaxe : 'constante'
C:\Program Files (x86)\Windows Kits\10\Include\10.0.17763.0\um\winnt.h(20580): error C2238: jetons inattendus avant ';'
C:\Program Files (x86)\Windows Kits\10\Include\10.0.17763.0\um\processthreadsapi.h(1032): error C2059: erreur de syntaxe : 'constante'
C:\Program Files (x86)\Windows Kits\10\Include\10.0.17763.0\um\processthreadsapi.h(1032): error C2238: jetons inattendus avant ';'
C:\Program Files (x86)\Windows Kits\10\Include\10.0.17763.0\um\processthreadsapi.h(1151): error C2059: erreur de syntaxe : 'constante'
C:\Program Files (x86)\Windows Kits\10\Include\10.0.17763.0\um\processthreadsapi.h(1151): error C2238: jetons inattendus avant ';'
  ControllerEditor.cpp
C:\Users\p1419778\Downloads\SimBiCon_base\SimBiCon_base\release\src\MathLib\mathLib.h(38): warning C4005: 'INFINITY' : redéfinition de macro
  C:\Program Files (x86)\Windows Kits\10\Include\10.0.17763.0\ucrt\corecrt_math.h(90): note: voir la définition précédente de 'INFINITY'
  Application.cpp
C:\Users\p1419778\Downloads\SimBiCon_base\SimBiCon_base\release\src\MathLib\mathLib.h(38): warning C4005: 'INFINITY' : redéfinition de macro
  C:\Program Files (x86)\Windows Kits\10\Include\10.0.17763.0\ucrt\corecrt_math.h(90): note: voir la définition précédente de 'INFINITY'
  Génération de code en cours...
