  array.cpp
  box.cpp
  capsule.cpp
  collision_convex_trimesh.cpp
  collision_cylinder_box.cpp
  collision_cylinder_plane.cpp
  collision_cylinder_sphere.cpp
  collision_cylinder_trimesh.cpp
  collision_kernel.cpp
  collision_quadtreespace.cpp
  collision_sapspace.cpp
  collision_space.cpp
  collision_transform.cpp
  collision_trimesh_box.cpp
  collision_trimesh_ccylinder.cpp
  collision_trimesh_disabled.cpp
  collision_trimesh_internal.cpp
  collision_trimesh_opcode.cpp
  collision_trimesh_plane.cpp
  collision_trimesh_ray.cpp
c:\users\thomas\documents\codes_phd\simbicon_base\release\src\ode-0.16\ode\src\collision_trimesh_ray.cpp(59): warning C4244: 'argument': conversion from 'dReal' to 'float', possible loss of data
  Generating Code...
  Compiling...
  collision_trimesh_sphere.cpp
c:\users\thomas\documents\codes_phd\simbicon_base\release\src\ode-0.16\ode\src\collision_trimesh_sphere.cpp(276): warning C4244: '=': conversion from 'dReal' to 'float', possible loss of data
  collision_trimesh_trimesh.cpp
  collision_trimesh_trimesh_old.cpp
  collision_util.cpp
  convex.cpp
  cylinder.cpp
  default_threading.cpp
  error.cpp
  export-dif.cpp
  fastdot.cpp
  fastldltfactor.cpp
  fastldltsolve.cpp
  fastlsolve.cpp
  fastltsolve.cpp
  fastvecscale.cpp
  heightfield.cpp
  amotor.cpp
  ball.cpp
  contact.cpp
  dball.cpp
  Generating Code...
  Compiling...
  dhinge.cpp
  fixed.cpp
  hinge.cpp
  hinge2.cpp
  joint.cpp
  lmotor.cpp
  null.cpp
  piston.cpp
  plane2d.cpp
  pr.cpp
  pu.cpp
  slider.cpp
  transmission.cpp
  universal.cpp
  lcp.cpp
  mass.cpp
  mat.cpp
  matrix.cpp
  memory.cpp
  misc.cpp
  Generating Code...
  Compiling...
  objects.cpp
  obstack.cpp
  ode.cpp
  odeinit.cpp
  odemath.cpp
  odeou.cpp
  odetls.cpp
  plane.cpp
  quickstep.cpp
  ray.cpp
  resource_control.cpp
  rotation.cpp
  simple_cooperative.cpp
  sphere.cpp
  step.cpp
  threading_base.cpp
  threading_impl.cpp
  threading_pool_posix.cpp
  threading_pool_win.cpp
  timer.cpp
  Generating Code...
  Compiling...
  util.cpp
  IceAABB.cpp
  IceContainer.cpp
c:\users\thomas\documents\codes_phd\simbicon_base\release\src\ode-0.16\opcode\ice\icecontainer.cpp(55): warning C4244: 'initializing': conversion from 'float' to 'udword', possible loss of data
  IceHPoint.cpp
  IceIndexedTriangle.cpp
  IceMatrix3x3.cpp
  IceMatrix4x4.cpp
  IceOBB.cpp
  IcePlane.cpp
  IcePoint.cpp
  IceRandom.cpp
  IceRay.cpp
  IceRevisitedRadix.cpp
  IceSegment.cpp
  IceTriangle.cpp
  IceUtils.cpp
  Opcode.cpp
  OPC_AABBCollider.cpp
  OPC_AABBTree.cpp
  OPC_BaseModel.cpp
  Generating Code...
  Compiling...
  OPC_Collider.cpp
  OPC_Common.cpp
  OPC_HybridModel.cpp
  OPC_LSSCollider.cpp
  OPC_MeshInterface.cpp
  OPC_Model.cpp
  OPC_OBBCollider.cpp
  OPC_OptimizedTree.cpp
  OPC_Picking.cpp
  OPC_PlanesCollider.cpp
  OPC_RayCollider.cpp
  OPC_SphereCollider.cpp
  OPC_TreeBuilders.cpp
  OPC_TreeCollider.cpp
  OPC_VolumeCollider.cpp
  atomic.cpp
  customization.cpp
  malloc.cpp
  threadlocalstorage.cpp
  Generating Code...
  nextafterf.c
     Creating library ..\..\lib\Release\ode.lib and object ..\..\lib\Release\ode.exp
  ode.vcxproj -> C:\Users\Thomas\Documents\codes_PhD\SimBiCon_base\release\src\ode-0.16\build\vs2008\..\..\lib\Release\ode.dll
