  blas.c
  cblas.c
  block.c
  file.c
  init.c
  error.c
c:\users\thomas\documents\codes_phd\simbicon_base\release\src\gsl\error.c(40): warning C4474: 'printf' : too many arguments passed for format string
  c:\users\thomas\documents\codes_phd\simbicon_base\release\src\gsl\error.c(40): note: placeholders and their parameters expect 0 variadic arguments, but 3 were provided
  getset.c
  matrix.c
  copy.c
  minmax.c
  oper.c
  prop.c
  swap.c
  vector.c
  Generating Code...
  copy.c
  file.c
  init.c
  minmax.c
  oper.c
  prop.c
  swap.c
  file.c
  init.c
  gsl.vcxproj -> C:\Users\Thomas\Documents\codes_PhD\SimBiCon_base\release\src\gsl\..\binaries\Release\gsl.lib
