c:\users\thomas\documents\codes_phd\simbicon_base\release\src\physics\debug\physics.pdb
c:\users\thomas\documents\codes_phd\simbicon_base\release\src\physics\debug\physics.idb
c:\users\thomas\documents\codes_phd\simbicon_base\release\src\physics\debug\abstractrbengine.obj
c:\users\thomas\documents\codes_phd\simbicon_base\release\src\physics\debug\articulatedfigure.obj
c:\users\thomas\documents\codes_phd\simbicon_base\release\src\physics\debug\articulatedrigidbody.obj
c:\users\thomas\documents\codes_phd\simbicon_base\release\src\physics\debug\ballinsocketjoint.obj
c:\users\thomas\documents\codes_phd\simbicon_base\release\src\physics\debug\boxcdp.obj
c:\users\thomas\documents\codes_phd\simbicon_base\release\src\physics\debug\capsulecdp.obj
c:\users\thomas\documents\codes_phd\simbicon_base\release\src\physics\debug\collisiondetectionprimitive.obj
c:\users\thomas\documents\codes_phd\simbicon_base\release\src\physics\debug\hingejoint.obj
c:\users\thomas\documents\codes_phd\simbicon_base\release\src\physics\debug\joint.obj
c:\users\thomas\documents\codes_phd\simbicon_base\release\src\physics\debug\planecdp.obj
c:\users\thomas\documents\codes_phd\simbicon_base\release\src\physics\debug\precollisionquery.obj
c:\users\thomas\documents\codes_phd\simbicon_base\release\src\physics\debug\rbproperties.obj
c:\users\thomas\documents\codes_phd\simbicon_base\release\src\physics\debug\rbstate.obj
c:\users\thomas\documents\codes_phd\simbicon_base\release\src\physics\debug\rbutils.obj
c:\users\thomas\documents\codes_phd\simbicon_base\release\src\physics\debug\rigidbody.obj
c:\users\thomas\documents\codes_phd\simbicon_base\release\src\physics\debug\spherecdp.obj
c:\users\thomas\documents\codes_phd\simbicon_base\release\src\physics\debug\universaljoint.obj
c:\users\thomas\documents\codes_phd\simbicon_base\release\src\physics\debug\odeworld.obj
c:\users\thomas\documents\codes_phd\simbicon_base\release\src\binaries\debug\physics.lib
c:\users\thomas\documents\codes_phd\simbicon_base\release\src\physics\debug\vcpkg.applocal.log
c:\users\thomas\documents\codes_phd\simbicon_base\release\src\physics\../binaries/debug\physics.lib
c:\users\thomas\documents\codes_phd\simbicon_base\release\src\physics\debug\physics.tlog\cl.command.1.tlog
c:\users\thomas\documents\codes_phd\simbicon_base\release\src\physics\debug\physics.tlog\cl.read.1.tlog
c:\users\thomas\documents\codes_phd\simbicon_base\release\src\physics\debug\physics.tlog\cl.write.1.tlog
c:\users\thomas\documents\codes_phd\simbicon_base\release\src\physics\debug\physics.tlog\lib-link.read.1.tlog
c:\users\thomas\documents\codes_phd\simbicon_base\release\src\physics\debug\physics.tlog\lib-link.write.1.tlog
c:\users\thomas\documents\codes_phd\simbicon_base\release\src\physics\debug\physics.tlog\lib.command.1.tlog
c:\users\thomas\documents\codes_phd\simbicon_base\release\src\physics\debug\physics.tlog\physics.write.1u.tlog
