  AbstractRBEngine.cpp
C:\Users\p1419778\Downloads\SimBiCon_base\SimBiCon_base\release\src\MathLib\mathLib.h(38): warning C4005: 'INFINITY' : redéfinition de macro
  C:\Program Files (x86)\Windows Kits\10\Include\10.0.17763.0\ucrt\corecrt_math.h(90): note: voir la définition précédente de 'INFINITY'
  ArticulatedFigure.cpp
C:\Users\p1419778\Downloads\SimBiCon_base\SimBiCon_base\release\src\MathLib\mathLib.h(38): warning C4005: 'INFINITY' : redéfinition de macro
  C:\Program Files (x86)\Windows Kits\10\Include\10.0.17763.0\ucrt\corecrt_math.h(90): note: voir la définition précédente de 'INFINITY'
  ArticulatedRigidBody.cpp
C:\Users\p1419778\Downloads\SimBiCon_base\SimBiCon_base\release\src\MathLib\mathLib.h(38): warning C4005: 'INFINITY' : redéfinition de macro
  C:\Program Files (x86)\Windows Kits\10\Include\10.0.17763.0\ucrt\corecrt_math.h(90): note: voir la définition précédente de 'INFINITY'
  BallInSocketJoint.cpp
C:\Users\p1419778\Downloads\SimBiCon_base\SimBiCon_base\release\src\MathLib\mathLib.h(38): warning C4005: 'INFINITY' : redéfinition de macro
  C:\Program Files (x86)\Windows Kits\10\Include\10.0.17763.0\ucrt\corecrt_math.h(90): note: voir la définition précédente de 'INFINITY'
  BoxCDP.cpp
C:\Users\p1419778\Downloads\SimBiCon_base\SimBiCon_base\release\src\MathLib\MathLib.h(38): warning C4005: 'INFINITY' : redéfinition de macro
  C:\Program Files (x86)\Windows Kits\10\Include\10.0.17763.0\ucrt\corecrt_math.h(90): note: voir la définition précédente de 'INFINITY'
  CapsuleCDP.cpp
C:\Users\p1419778\Downloads\SimBiCon_base\SimBiCon_base\release\src\MathLib\MathLib.h(38): warning C4005: 'INFINITY' : redéfinition de macro
  C:\Program Files (x86)\Windows Kits\10\Include\10.0.17763.0\ucrt\corecrt_math.h(90): note: voir la définition précédente de 'INFINITY'
  CollisionDetectionPrimitive.cpp
C:\Users\p1419778\Downloads\SimBiCon_base\SimBiCon_base\release\src\MathLib\MathLib.h(38): warning C4005: 'INFINITY' : redéfinition de macro
  C:\Program Files (x86)\Windows Kits\10\Include\10.0.17763.0\ucrt\corecrt_math.h(90): note: voir la définition précédente de 'INFINITY'
  HingeJoint.cpp
C:\Users\p1419778\Downloads\SimBiCon_base\SimBiCon_base\release\src\MathLib\mathLib.h(38): warning C4005: 'INFINITY' : redéfinition de macro
  C:\Program Files (x86)\Windows Kits\10\Include\10.0.17763.0\ucrt\corecrt_math.h(90): note: voir la définition précédente de 'INFINITY'
  Joint.cpp
C:\Users\p1419778\Downloads\SimBiCon_base\SimBiCon_base\release\src\MathLib\mathLib.h(38): warning C4005: 'INFINITY' : redéfinition de macro
  C:\Program Files (x86)\Windows Kits\10\Include\10.0.17763.0\ucrt\corecrt_math.h(90): note: voir la définition précédente de 'INFINITY'
  ODEWorld.cpp
C:\Users\p1419778\Downloads\SimBiCon_base\SimBiCon_base\release\src\MathLib\mathLib.h(38): warning C4005: 'INFINITY' : redéfinition de macro
  C:\Program Files (x86)\Windows Kits\10\Include\10.0.17763.0\ucrt\corecrt_math.h(90): note: voir la définition précédente de 'INFINITY'
  PlaneCDP.cpp
C:\Users\p1419778\Downloads\SimBiCon_base\SimBiCon_base\release\src\MathLib\mathLib.h(38): warning C4005: 'INFINITY' : redéfinition de macro
  C:\Program Files (x86)\Windows Kits\10\Include\10.0.17763.0\ucrt\corecrt_math.h(90): note: voir la définition précédente de 'INFINITY'
  PreCollisionQuery.cpp
C:\Users\p1419778\Downloads\SimBiCon_base\SimBiCon_base\release\src\MathLib\mathLib.h(38): warning C4005: 'INFINITY' : redéfinition de macro
  C:\Program Files (x86)\Windows Kits\10\Include\10.0.17763.0\ucrt\corecrt_math.h(90): note: voir la définition précédente de 'INFINITY'
  RBProperties.cpp
C:\Users\p1419778\Downloads\SimBiCon_base\SimBiCon_base\release\src\MathLib\MathLib.h(38): warning C4005: 'INFINITY' : redéfinition de macro
  C:\Program Files (x86)\Windows Kits\10\Include\10.0.17763.0\ucrt\corecrt_math.h(90): note: voir la définition précédente de 'INFINITY'
  RBState.cpp
C:\Users\p1419778\Downloads\SimBiCon_base\SimBiCon_base\release\src\MathLib\mathLib.h(38): warning C4005: 'INFINITY' : redéfinition de macro
  C:\Program Files (x86)\Windows Kits\10\Include\10.0.17763.0\ucrt\corecrt_math.h(90): note: voir la définition précédente de 'INFINITY'
  RBUtils.cpp
  RigidBody.cpp
C:\Users\p1419778\Downloads\SimBiCon_base\SimBiCon_base\release\src\MathLib\mathLib.h(38): warning C4005: 'INFINITY' : redéfinition de macro
  C:\Program Files (x86)\Windows Kits\10\Include\10.0.17763.0\ucrt\corecrt_math.h(90): note: voir la définition précédente de 'INFINITY'
  SphereCDP.cpp
C:\Users\p1419778\Downloads\SimBiCon_base\SimBiCon_base\release\src\MathLib\MathLib.h(38): warning C4005: 'INFINITY' : redéfinition de macro
  C:\Program Files (x86)\Windows Kits\10\Include\10.0.17763.0\ucrt\corecrt_math.h(90): note: voir la définition précédente de 'INFINITY'
  UniversalJoint.cpp
C:\Users\p1419778\Downloads\SimBiCon_base\SimBiCon_base\release\src\MathLib\mathLib.h(38): warning C4005: 'INFINITY' : redéfinition de macro
  C:\Program Files (x86)\Windows Kits\10\Include\10.0.17763.0\ucrt\corecrt_math.h(90): note: voir la définition précédente de 'INFINITY'
  Génération de code en cours...
  Physics.vcxproj -> C:\Users\p1419778\Downloads\SimBiCon_base\SimBiCon_base\release\src\Physics\../binaries/Release\Physics.lib
