c:\users\thomas\documents\codes_phd\simbicon_base\release\src\ode-0.16\lib\debug\oded.pdb
c:\users\thomas\documents\codes_phd\simbicon_base\release\src\ode-0.16\lib\debug\oded.idb
c:\users\thomas\documents\codes_phd\simbicon_base\release\src\ode-0.16\build\vs2008\obj\debug\opc_basemodel.obj
c:\users\thomas\documents\codes_phd\simbicon_base\release\src\ode-0.16\build\vs2008\obj\debug\opc_collider.obj
c:\users\thomas\documents\codes_phd\simbicon_base\release\src\ode-0.16\build\vs2008\obj\debug\opc_common.obj
c:\users\thomas\documents\codes_phd\simbicon_base\release\src\ode-0.16\build\vs2008\obj\debug\opc_hybridmodel.obj
c:\users\thomas\documents\codes_phd\simbicon_base\release\src\ode-0.16\build\vs2008\obj\debug\opc_lsscollider.obj
c:\users\thomas\documents\codes_phd\simbicon_base\release\src\ode-0.16\build\vs2008\obj\debug\opc_meshinterface.obj
c:\users\thomas\documents\codes_phd\simbicon_base\release\src\ode-0.16\build\vs2008\obj\debug\opc_model.obj
c:\users\thomas\documents\codes_phd\simbicon_base\release\src\ode-0.16\build\vs2008\obj\debug\opc_obbcollider.obj
c:\users\thomas\documents\codes_phd\simbicon_base\release\src\ode-0.16\build\vs2008\obj\debug\opc_optimizedtree.obj
c:\users\thomas\documents\codes_phd\simbicon_base\release\src\ode-0.16\build\vs2008\obj\debug\opc_picking.obj
c:\users\thomas\documents\codes_phd\simbicon_base\release\src\ode-0.16\build\vs2008\obj\debug\opc_planescollider.obj
c:\users\thomas\documents\codes_phd\simbicon_base\release\src\ode-0.16\build\vs2008\obj\debug\opc_raycollider.obj
c:\users\thomas\documents\codes_phd\simbicon_base\release\src\ode-0.16\build\vs2008\obj\debug\opc_spherecollider.obj
c:\users\thomas\documents\codes_phd\simbicon_base\release\src\ode-0.16\build\vs2008\obj\debug\opc_treebuilders.obj
c:\users\thomas\documents\codes_phd\simbicon_base\release\src\ode-0.16\build\vs2008\obj\debug\opc_treecollider.obj
c:\users\thomas\documents\codes_phd\simbicon_base\release\src\ode-0.16\build\vs2008\obj\debug\opc_volumecollider.obj
c:\users\thomas\documents\codes_phd\simbicon_base\release\src\ode-0.16\build\vs2008\obj\debug\atomic.obj
c:\users\thomas\documents\codes_phd\simbicon_base\release\src\ode-0.16\build\vs2008\obj\debug\customization.obj
c:\users\thomas\documents\codes_phd\simbicon_base\release\src\ode-0.16\build\vs2008\obj\debug\malloc.obj
c:\users\thomas\documents\codes_phd\simbicon_base\release\src\ode-0.16\build\vs2008\obj\debug\threadlocalstorage.obj
c:\users\thomas\documents\codes_phd\simbicon_base\release\src\ode-0.16\build\vs2008\obj\debug\timer.obj
c:\users\thomas\documents\codes_phd\simbicon_base\release\src\ode-0.16\build\vs2008\obj\debug\util.obj
c:\users\thomas\documents\codes_phd\simbicon_base\release\src\ode-0.16\build\vs2008\obj\debug\iceaabb.obj
c:\users\thomas\documents\codes_phd\simbicon_base\release\src\ode-0.16\build\vs2008\obj\debug\icecontainer.obj
c:\users\thomas\documents\codes_phd\simbicon_base\release\src\ode-0.16\build\vs2008\obj\debug\icehpoint.obj
c:\users\thomas\documents\codes_phd\simbicon_base\release\src\ode-0.16\build\vs2008\obj\debug\iceindexedtriangle.obj
c:\users\thomas\documents\codes_phd\simbicon_base\release\src\ode-0.16\build\vs2008\obj\debug\icematrix3x3.obj
c:\users\thomas\documents\codes_phd\simbicon_base\release\src\ode-0.16\build\vs2008\obj\debug\icematrix4x4.obj
c:\users\thomas\documents\codes_phd\simbicon_base\release\src\ode-0.16\build\vs2008\obj\debug\iceobb.obj
c:\users\thomas\documents\codes_phd\simbicon_base\release\src\ode-0.16\build\vs2008\obj\debug\iceplane.obj
c:\users\thomas\documents\codes_phd\simbicon_base\release\src\ode-0.16\build\vs2008\obj\debug\icepoint.obj
c:\users\thomas\documents\codes_phd\simbicon_base\release\src\ode-0.16\build\vs2008\obj\debug\icerandom.obj
c:\users\thomas\documents\codes_phd\simbicon_base\release\src\ode-0.16\build\vs2008\obj\debug\iceray.obj
c:\users\thomas\documents\codes_phd\simbicon_base\release\src\ode-0.16\build\vs2008\obj\debug\icerevisitedradix.obj
c:\users\thomas\documents\codes_phd\simbicon_base\release\src\ode-0.16\build\vs2008\obj\debug\icesegment.obj
c:\users\thomas\documents\codes_phd\simbicon_base\release\src\ode-0.16\build\vs2008\obj\debug\icetriangle.obj
c:\users\thomas\documents\codes_phd\simbicon_base\release\src\ode-0.16\build\vs2008\obj\debug\iceutils.obj
c:\users\thomas\documents\codes_phd\simbicon_base\release\src\ode-0.16\build\vs2008\obj\debug\opcode.obj
c:\users\thomas\documents\codes_phd\simbicon_base\release\src\ode-0.16\build\vs2008\obj\debug\opc_aabbcollider.obj
c:\users\thomas\documents\codes_phd\simbicon_base\release\src\ode-0.16\build\vs2008\obj\debug\opc_aabbtree.obj
c:\users\thomas\documents\codes_phd\simbicon_base\release\src\ode-0.16\build\vs2008\obj\debug\misc.obj
c:\users\thomas\documents\codes_phd\simbicon_base\release\src\ode-0.16\build\vs2008\obj\debug\objects.obj
c:\users\thomas\documents\codes_phd\simbicon_base\release\src\ode-0.16\build\vs2008\obj\debug\obstack.obj
c:\users\thomas\documents\codes_phd\simbicon_base\release\src\ode-0.16\build\vs2008\obj\debug\ode.obj
c:\users\thomas\documents\codes_phd\simbicon_base\release\src\ode-0.16\build\vs2008\obj\debug\odeinit.obj
c:\users\thomas\documents\codes_phd\simbicon_base\release\src\ode-0.16\build\vs2008\obj\debug\odemath.obj
c:\users\thomas\documents\codes_phd\simbicon_base\release\src\ode-0.16\build\vs2008\obj\debug\odeou.obj
c:\users\thomas\documents\codes_phd\simbicon_base\release\src\ode-0.16\build\vs2008\obj\debug\odetls.obj
c:\users\thomas\documents\codes_phd\simbicon_base\release\src\ode-0.16\build\vs2008\obj\debug\plane.obj
c:\users\thomas\documents\codes_phd\simbicon_base\release\src\ode-0.16\build\vs2008\obj\debug\quickstep.obj
c:\users\thomas\documents\codes_phd\simbicon_base\release\src\ode-0.16\build\vs2008\obj\debug\ray.obj
c:\users\thomas\documents\codes_phd\simbicon_base\release\src\ode-0.16\build\vs2008\obj\debug\resource_control.obj
c:\users\thomas\documents\codes_phd\simbicon_base\release\src\ode-0.16\build\vs2008\obj\debug\rotation.obj
c:\users\thomas\documents\codes_phd\simbicon_base\release\src\ode-0.16\build\vs2008\obj\debug\simple_cooperative.obj
c:\users\thomas\documents\codes_phd\simbicon_base\release\src\ode-0.16\build\vs2008\obj\debug\sphere.obj
c:\users\thomas\documents\codes_phd\simbicon_base\release\src\ode-0.16\build\vs2008\obj\debug\step.obj
c:\users\thomas\documents\codes_phd\simbicon_base\release\src\ode-0.16\build\vs2008\obj\debug\threading_base.obj
c:\users\thomas\documents\codes_phd\simbicon_base\release\src\ode-0.16\build\vs2008\obj\debug\threading_impl.obj
c:\users\thomas\documents\codes_phd\simbicon_base\release\src\ode-0.16\build\vs2008\obj\debug\threading_pool_posix.obj
c:\users\thomas\documents\codes_phd\simbicon_base\release\src\ode-0.16\build\vs2008\obj\debug\threading_pool_win.obj
c:\users\thomas\documents\codes_phd\simbicon_base\release\src\ode-0.16\build\vs2008\obj\debug\dball.obj
c:\users\thomas\documents\codes_phd\simbicon_base\release\src\ode-0.16\build\vs2008\obj\debug\dhinge.obj
c:\users\thomas\documents\codes_phd\simbicon_base\release\src\ode-0.16\build\vs2008\obj\debug\fixed.obj
c:\users\thomas\documents\codes_phd\simbicon_base\release\src\ode-0.16\build\vs2008\obj\debug\hinge.obj
c:\users\thomas\documents\codes_phd\simbicon_base\release\src\ode-0.16\build\vs2008\obj\debug\hinge2.obj
c:\users\thomas\documents\codes_phd\simbicon_base\release\src\ode-0.16\build\vs2008\obj\debug\joint.obj
c:\users\thomas\documents\codes_phd\simbicon_base\release\src\ode-0.16\build\vs2008\obj\debug\lmotor.obj
c:\users\thomas\documents\codes_phd\simbicon_base\release\src\ode-0.16\build\vs2008\obj\debug\null.obj
c:\users\thomas\documents\codes_phd\simbicon_base\release\src\ode-0.16\build\vs2008\obj\debug\piston.obj
c:\users\thomas\documents\codes_phd\simbicon_base\release\src\ode-0.16\build\vs2008\obj\debug\plane2d.obj
c:\users\thomas\documents\codes_phd\simbicon_base\release\src\ode-0.16\build\vs2008\obj\debug\pr.obj
c:\users\thomas\documents\codes_phd\simbicon_base\release\src\ode-0.16\build\vs2008\obj\debug\pu.obj
c:\users\thomas\documents\codes_phd\simbicon_base\release\src\ode-0.16\build\vs2008\obj\debug\slider.obj
c:\users\thomas\documents\codes_phd\simbicon_base\release\src\ode-0.16\build\vs2008\obj\debug\transmission.obj
c:\users\thomas\documents\codes_phd\simbicon_base\release\src\ode-0.16\build\vs2008\obj\debug\universal.obj
c:\users\thomas\documents\codes_phd\simbicon_base\release\src\ode-0.16\build\vs2008\obj\debug\lcp.obj
c:\users\thomas\documents\codes_phd\simbicon_base\release\src\ode-0.16\build\vs2008\obj\debug\mass.obj
c:\users\thomas\documents\codes_phd\simbicon_base\release\src\ode-0.16\build\vs2008\obj\debug\mat.obj
c:\users\thomas\documents\codes_phd\simbicon_base\release\src\ode-0.16\build\vs2008\obj\debug\matrix.obj
c:\users\thomas\documents\codes_phd\simbicon_base\release\src\ode-0.16\build\vs2008\obj\debug\memory.obj
c:\users\thomas\documents\codes_phd\simbicon_base\release\src\ode-0.16\build\vs2008\obj\debug\collision_trimesh_ray.obj
c:\users\thomas\documents\codes_phd\simbicon_base\release\src\ode-0.16\build\vs2008\obj\debug\collision_trimesh_sphere.obj
c:\users\thomas\documents\codes_phd\simbicon_base\release\src\ode-0.16\build\vs2008\obj\debug\collision_trimesh_trimesh.obj
c:\users\thomas\documents\codes_phd\simbicon_base\release\src\ode-0.16\build\vs2008\obj\debug\collision_trimesh_trimesh_old.obj
c:\users\thomas\documents\codes_phd\simbicon_base\release\src\ode-0.16\build\vs2008\obj\debug\collision_util.obj
c:\users\thomas\documents\codes_phd\simbicon_base\release\src\ode-0.16\build\vs2008\obj\debug\convex.obj
c:\users\thomas\documents\codes_phd\simbicon_base\release\src\ode-0.16\build\vs2008\obj\debug\cylinder.obj
c:\users\thomas\documents\codes_phd\simbicon_base\release\src\ode-0.16\build\vs2008\obj\debug\default_threading.obj
c:\users\thomas\documents\codes_phd\simbicon_base\release\src\ode-0.16\build\vs2008\obj\debug\error.obj
c:\users\thomas\documents\codes_phd\simbicon_base\release\src\ode-0.16\build\vs2008\obj\debug\export-dif.obj
c:\users\thomas\documents\codes_phd\simbicon_base\release\src\ode-0.16\build\vs2008\obj\debug\fastdot.obj
c:\users\thomas\documents\codes_phd\simbicon_base\release\src\ode-0.16\build\vs2008\obj\debug\fastldltfactor.obj
c:\users\thomas\documents\codes_phd\simbicon_base\release\src\ode-0.16\build\vs2008\obj\debug\fastldltsolve.obj
c:\users\thomas\documents\codes_phd\simbicon_base\release\src\ode-0.16\build\vs2008\obj\debug\fastlsolve.obj
c:\users\thomas\documents\codes_phd\simbicon_base\release\src\ode-0.16\build\vs2008\obj\debug\fastltsolve.obj
c:\users\thomas\documents\codes_phd\simbicon_base\release\src\ode-0.16\build\vs2008\obj\debug\fastvecscale.obj
c:\users\thomas\documents\codes_phd\simbicon_base\release\src\ode-0.16\build\vs2008\obj\debug\heightfield.obj
c:\users\thomas\documents\codes_phd\simbicon_base\release\src\ode-0.16\build\vs2008\obj\debug\amotor.obj
c:\users\thomas\documents\codes_phd\simbicon_base\release\src\ode-0.16\build\vs2008\obj\debug\ball.obj
c:\users\thomas\documents\codes_phd\simbicon_base\release\src\ode-0.16\build\vs2008\obj\debug\contact.obj
c:\users\thomas\documents\codes_phd\simbicon_base\release\src\ode-0.16\build\vs2008\obj\debug\array.obj
c:\users\thomas\documents\codes_phd\simbicon_base\release\src\ode-0.16\build\vs2008\obj\debug\box.obj
c:\users\thomas\documents\codes_phd\simbicon_base\release\src\ode-0.16\build\vs2008\obj\debug\capsule.obj
c:\users\thomas\documents\codes_phd\simbicon_base\release\src\ode-0.16\build\vs2008\obj\debug\collision_convex_trimesh.obj
c:\users\thomas\documents\codes_phd\simbicon_base\release\src\ode-0.16\build\vs2008\obj\debug\collision_cylinder_box.obj
c:\users\thomas\documents\codes_phd\simbicon_base\release\src\ode-0.16\build\vs2008\obj\debug\collision_cylinder_plane.obj
c:\users\thomas\documents\codes_phd\simbicon_base\release\src\ode-0.16\build\vs2008\obj\debug\collision_cylinder_sphere.obj
c:\users\thomas\documents\codes_phd\simbicon_base\release\src\ode-0.16\build\vs2008\obj\debug\collision_cylinder_trimesh.obj
c:\users\thomas\documents\codes_phd\simbicon_base\release\src\ode-0.16\build\vs2008\obj\debug\collision_kernel.obj
c:\users\thomas\documents\codes_phd\simbicon_base\release\src\ode-0.16\build\vs2008\obj\debug\collision_quadtreespace.obj
c:\users\thomas\documents\codes_phd\simbicon_base\release\src\ode-0.16\build\vs2008\obj\debug\collision_sapspace.obj
c:\users\thomas\documents\codes_phd\simbicon_base\release\src\ode-0.16\build\vs2008\obj\debug\collision_space.obj
c:\users\thomas\documents\codes_phd\simbicon_base\release\src\ode-0.16\build\vs2008\obj\debug\collision_transform.obj
c:\users\thomas\documents\codes_phd\simbicon_base\release\src\ode-0.16\build\vs2008\obj\debug\collision_trimesh_box.obj
c:\users\thomas\documents\codes_phd\simbicon_base\release\src\ode-0.16\build\vs2008\obj\debug\collision_trimesh_ccylinder.obj
c:\users\thomas\documents\codes_phd\simbicon_base\release\src\ode-0.16\build\vs2008\obj\debug\collision_trimesh_disabled.obj
c:\users\thomas\documents\codes_phd\simbicon_base\release\src\ode-0.16\build\vs2008\obj\debug\collision_trimesh_internal.obj
c:\users\thomas\documents\codes_phd\simbicon_base\release\src\ode-0.16\build\vs2008\obj\debug\collision_trimesh_opcode.obj
c:\users\thomas\documents\codes_phd\simbicon_base\release\src\ode-0.16\build\vs2008\obj\debug\collision_trimesh_plane.obj
c:\users\thomas\documents\codes_phd\simbicon_base\release\src\ode-0.16\build\vs2008\obj\debug\nextafterf.obj
c:\users\thomas\documents\codes_phd\simbicon_base\release\src\ode-0.16\lib\debug\oded.ilk
c:\users\thomas\documents\codes_phd\simbicon_base\release\src\ode-0.16\lib\debug\oded.dll
c:\users\thomas\documents\codes_phd\simbicon_base\release\src\ode-0.16\lib\debug\ode.pdb
c:\users\thomas\documents\codes_phd\simbicon_base\release\src\ode-0.16\lib\debug\oded.lib
c:\users\thomas\documents\codes_phd\simbicon_base\release\src\ode-0.16\lib\debug\oded.exp
c:\users\thomas\documents\codes_phd\simbicon_base\release\src\ode-0.16\build\vs2008\obj\debug\vcpkg.applocal.log
c:\users\thomas\documents\codes_phd\simbicon_base\release\src\ode-0.16\build\vs2008\obj\debug\ode.tlog\cl.command.1.tlog
c:\users\thomas\documents\codes_phd\simbicon_base\release\src\ode-0.16\build\vs2008\obj\debug\ode.tlog\cl.read.1.tlog
c:\users\thomas\documents\codes_phd\simbicon_base\release\src\ode-0.16\build\vs2008\obj\debug\ode.tlog\cl.write.1.tlog
c:\users\thomas\documents\codes_phd\simbicon_base\release\src\ode-0.16\build\vs2008\obj\debug\ode.tlog\link.command.1.tlog
c:\users\thomas\documents\codes_phd\simbicon_base\release\src\ode-0.16\build\vs2008\obj\debug\ode.tlog\link.read.1.tlog
c:\users\thomas\documents\codes_phd\simbicon_base\release\src\ode-0.16\build\vs2008\obj\debug\ode.tlog\link.write.1.tlog
c:\users\thomas\documents\codes_phd\simbicon_base\release\src\ode-0.16\build\vs2008\obj\debug\ode.tlog\ode.write.1u.tlog
