c:\users\thomas\documents\codes_phd\simbicon_base\release\src\mathlib\debug\mathlib.pdb
c:\users\thomas\documents\codes_phd\simbicon_base\release\src\mathlib\debug\mathlib.idb
c:\users\thomas\documents\codes_phd\simbicon_base\release\src\mathlib\debug\capsule.obj
c:\users\thomas\documents\codes_phd\simbicon_base\release\src\mathlib\debug\matrix.obj
c:\users\thomas\documents\codes_phd\simbicon_base\release\src\mathlib\debug\plane.obj
c:\users\thomas\documents\codes_phd\simbicon_base\release\src\mathlib\debug\point3d.obj
c:\users\thomas\documents\codes_phd\simbicon_base\release\src\mathlib\debug\quaternion.obj
c:\users\thomas\documents\codes_phd\simbicon_base\release\src\mathlib\debug\sphere.obj
c:\users\thomas\documents\codes_phd\simbicon_base\release\src\mathlib\debug\threetuple.obj
c:\users\thomas\documents\codes_phd\simbicon_base\release\src\mathlib\debug\transformationmatrix.obj
c:\users\thomas\documents\codes_phd\simbicon_base\release\src\mathlib\debug\vector.obj
c:\users\thomas\documents\codes_phd\simbicon_base\release\src\mathlib\debug\vector3d.obj
c:\users\thomas\documents\codes_phd\simbicon_base\release\src\binaries\debug\mathlib.lib
c:\users\thomas\documents\codes_phd\simbicon_base\release\src\mathlib\debug\vcpkg.applocal.log
c:\users\thomas\documents\codes_phd\simbicon_base\release\src\mathlib\..\binaries\debug\mathlib.lib
c:\users\thomas\documents\codes_phd\simbicon_base\release\src\mathlib\debug\mathlib.tlog\cl.command.1.tlog
c:\users\thomas\documents\codes_phd\simbicon_base\release\src\mathlib\debug\mathlib.tlog\cl.read.1.tlog
c:\users\thomas\documents\codes_phd\simbicon_base\release\src\mathlib\debug\mathlib.tlog\cl.write.1.tlog
c:\users\thomas\documents\codes_phd\simbicon_base\release\src\mathlib\debug\mathlib.tlog\lib-link.read.1.tlog
c:\users\thomas\documents\codes_phd\simbicon_base\release\src\mathlib\debug\mathlib.tlog\lib-link.write.1.tlog
c:\users\thomas\documents\codes_phd\simbicon_base\release\src\mathlib\debug\mathlib.tlog\lib.command.1.tlog
c:\users\thomas\documents\codes_phd\simbicon_base\release\src\mathlib\debug\mathlib.tlog\mathlib.write.1u.tlog
