  Application.cpp
C:\Users\p1419778\Downloads\SimBiCon_base\SimBiCon_base\release\src\MathLib\mathLib.h(38): warning C4005: 'INFINITY' : redéfinition de macro
  C:\Program Files (x86)\Windows Kits\10\Include\10.0.17763.0\ucrt\corecrt_math.h(90): note: voir la définition précédente de 'INFINITY'
  ControllerEditor.cpp
C:\Users\p1419778\Downloads\SimBiCon_base\SimBiCon_base\release\src\MathLib\mathLib.h(38): warning C4005: 'INFINITY' : redéfinition de macro
  C:\Program Files (x86)\Windows Kits\10\Include\10.0.17763.0\ucrt\corecrt_math.h(90): note: voir la définition précédente de 'INFINITY'
  CurveEditor.cpp
C:\Users\p1419778\Downloads\SimBiCon_base\SimBiCon_base\release\src\MathLib\mathLib.h(38): warning C4005: 'INFINITY' : redéfinition de macro
  C:\Program Files (x86)\Windows Kits\10\Include\10.0.17763.0\ucrt\corecrt_math.h(90): note: voir la définition précédente de 'INFINITY'
  GLWindow.cpp
C:\Users\p1419778\Downloads\SimBiCon_base\SimBiCon_base\release\src\MathLib\MathLib.h(38): warning C4005: 'INFINITY' : redéfinition de macro
  C:\Program Files (x86)\Windows Kits\10\Include\10.0.17763.0\ucrt\corecrt_math.h(90): note: voir la définition précédente de 'INFINITY'
  Globals.cpp
C:\Users\p1419778\Downloads\SimBiCon_base\SimBiCon_base\release\src\MathLib\mathLib.h(38): warning C4005: 'INFINITY' : redéfinition de macro
  C:\Program Files (x86)\Windows Kits\10\Include\10.0.17763.0\ucrt\corecrt_math.h(90): note: voir la définition précédente de 'INFINITY'
  InteractiveWorld.cpp
C:\Users\p1419778\Downloads\SimBiCon_base\SimBiCon_base\release\src\MathLib\mathLib.h(38): warning C4005: 'INFINITY' : redéfinition de macro
  C:\Program Files (x86)\Windows Kits\10\Include\10.0.17763.0\ucrt\corecrt_math.h(90): note: voir la définition précédente de 'INFINITY'
  UI.cpp
C:\Users\p1419778\Downloads\SimBiCon_base\SimBiCon_base\release\src\MathLib\mathLib.h(38): warning C4005: 'INFINITY' : redéfinition de macro
  C:\Program Files (x86)\Windows Kits\10\Include\10.0.17763.0\ucrt\corecrt_math.h(90): note: voir la définition précédente de 'INFINITY'
  main.cpp
C:\Users\p1419778\Downloads\SimBiCon_base\SimBiCon_base\release\src\MathLib\mathLib.h(38): warning C4005: 'INFINITY' : redéfinition de macro
  C:\Program Files (x86)\Windows Kits\10\Include\10.0.17763.0\ucrt\corecrt_math.h(90): note: voir la définition précédente de 'INFINITY'
  tcltk.cpp
C:\Users\p1419778\Downloads\SimBiCon_base\SimBiCon_base\release\src\MathLib\mathLib.h(38): warning C4005: 'INFINITY' : redéfinition de macro
  C:\Program Files (x86)\Windows Kits\10\Include\10.0.17763.0\ucrt\corecrt_math.h(90): note: voir la définition précédente de 'INFINITY'
  Génération de code en cours
  0 of 930 functions ( 0.0%) were compiled, the rest were copied from previous compilation.
    0 functions were new in current compilation
    0 functions had inline decision re-evaluated but remain unchanged
  Fin de la génération du code
  AppGUI.vcxproj -> C:\Users\p1419778\Downloads\SimBiCon_base\SimBiCon_base\release\src\AppGUI\../binaries/Release\AppGUI.exe
