c:\users\thomas\documents\codes_phd\simbicon_base\release\src\binaries\release\appgui.ipdb
c:\users\thomas\documents\codes_phd\simbicon_base\release\src\binaries\release\appgui.iobj
c:\users\thomas\documents\codes_phd\simbicon_base\release\src\appgui\release\vcpkg.applocal.log
c:\users\thomas\documents\codes_phd\simbicon_base\release\src\appgui\release\ui.obj
c:\users\thomas\documents\codes_phd\simbicon_base\release\src\appgui\release\tcltk.obj
c:\users\thomas\documents\codes_phd\simbicon_base\release\src\appgui\release\subglwindow.obj
c:\users\thomas\documents\codes_phd\simbicon_base\release\src\appgui\release\main.obj
c:\users\thomas\documents\codes_phd\simbicon_base\release\src\appgui\release\interactiveworld.obj
c:\users\thomas\documents\codes_phd\simbicon_base\release\src\appgui\release\interactioninterface.obj
c:\users\thomas\documents\codes_phd\simbicon_base\release\src\appgui\release\glwindow.obj
c:\users\thomas\documents\codes_phd\simbicon_base\release\src\appgui\release\globals.obj
c:\users\thomas\documents\codes_phd\simbicon_base\release\src\appgui\release\curveeditor.obj
c:\users\thomas\documents\codes_phd\simbicon_base\release\src\appgui\release\controllereditor.obj
c:\users\thomas\documents\codes_phd\simbicon_base\release\src\appgui\release\application.obj
c:\users\thomas\documents\codes_phd\simbicon_base\release\src\binaries\release\appgui.exe
c:\users\p1419778\downloads\simbicon_base\simbicon_base\release\src\appgui\release\application.obj
c:\users\p1419778\downloads\simbicon_base\simbicon_base\release\src\appgui\release\controllereditor.obj
c:\users\p1419778\downloads\simbicon_base\simbicon_base\release\src\appgui\release\curveeditor.obj
c:\users\p1419778\downloads\simbicon_base\simbicon_base\release\src\appgui\release\globals.obj
c:\users\p1419778\downloads\simbicon_base\simbicon_base\release\src\appgui\release\glwindow.obj
c:\users\p1419778\downloads\simbicon_base\simbicon_base\release\src\appgui\release\interactioninterface.obj
c:\users\p1419778\downloads\simbicon_base\simbicon_base\release\src\appgui\release\interactiveworld.obj
c:\users\p1419778\downloads\simbicon_base\simbicon_base\release\src\appgui\release\main.obj
c:\users\p1419778\downloads\simbicon_base\simbicon_base\release\src\appgui\release\subglwindow.obj
c:\users\p1419778\downloads\simbicon_base\simbicon_base\release\src\appgui\release\tcltk.obj
c:\users\p1419778\downloads\simbicon_base\simbicon_base\release\src\appgui\release\ui.obj
c:\users\p1419778\downloads\simbicon_base\simbicon_base\release\src\appgui\../binaries/release\appgui.exe
c:\users\p1419778\downloads\simbicon_base\simbicon_base\release\src\appgui\release\appgui.tlog\appgui.write.1u.tlog
c:\users\p1419778\downloads\simbicon_base\simbicon_base\release\src\appgui\release\appgui.tlog\cl.command.1.tlog
c:\users\p1419778\downloads\simbicon_base\simbicon_base\release\src\appgui\release\appgui.tlog\cl.read.1.tlog
c:\users\p1419778\downloads\simbicon_base\simbicon_base\release\src\appgui\release\appgui.tlog\cl.write.1.tlog
c:\users\p1419778\downloads\simbicon_base\simbicon_base\release\src\appgui\release\appgui.tlog\link.command.1.tlog
c:\users\p1419778\downloads\simbicon_base\simbicon_base\release\src\appgui\release\appgui.tlog\link.read.1.tlog
c:\users\p1419778\downloads\simbicon_base\simbicon_base\release\src\appgui\release\appgui.tlog\link.write.1.tlog
